2023/06/15 15:15:43 - mmengine - INFO - 
------------------------------------------------------------
System environment:
    sys.platform: linux
    Python: 3.8.10 (default, Jun  4 2021, 15:09:15) [GCC 7.5.0]
    CUDA available: True
    numpy_random_seed: 42
    GPU 0: NVIDIA GeForce RTX 4090
    CUDA_HOME: /usr/local/cuda
    NVCC: Cuda compilation tools, release 11.8, V11.8.89
    GCC: gcc (Ubuntu 9.4.0-1ubuntu1~20.04.1) 9.4.0
    PyTorch: 2.0.0+cu118
    PyTorch compiling details: PyTorch built with:
  - GCC 9.3
  - C++ Version: 201703
  - Intel(R) oneAPI Math Kernel Library Version 2022.2-Product Build 20220804 for Intel(R) 64 architecture applications
  - Intel(R) MKL-DNN v2.7.3 (Git Hash 6dbeffbae1f23cbbeae17adb7b5b13f1f37c080e)
  - OpenMP 201511 (a.k.a. OpenMP 4.5)
  - LAPACK is enabled (usually provided by MKL)
  - NNPACK is enabled
  - CPU capability usage: AVX2
  - CUDA Runtime 11.8
  - NVCC architecture flags: -gencode;arch=compute_37,code=sm_37;-gencode;arch=compute_50,code=sm_50;-gencode;arch=compute_60,code=sm_60;-gencode;arch=compute_70,code=sm_70;-gencode;arch=compute_75,code=sm_75;-gencode;arch=compute_80,code=sm_80;-gencode;arch=compute_86,code=sm_86;-gencode;arch=compute_90,code=sm_90
  - CuDNN 8.7
  - Magma 2.6.1
  - Build settings: BLAS_INFO=mkl, BUILD_TYPE=Release, CUDA_VERSION=11.8, CUDNN_VERSION=8.7.0, CXX_COMPILER=/opt/rh/devtoolset-9/root/usr/bin/c++, CXX_FLAGS= -D_GLIBCXX_USE_CXX11_ABI=0 -fabi-version=11 -Wno-deprecated -fvisibility-inlines-hidden -DUSE_PTHREADPOOL -DNDEBUG -DUSE_KINETO -DLIBKINETO_NOROCTRACER -DUSE_FBGEMM -DUSE_QNNPACK -DUSE_PYTORCH_QNNPACK -DUSE_XNNPACK -DSYMBOLICATE_MOBILE_DEBUG_HANDLE -O2 -fPIC -Wall -Wextra -Werror=return-type -Werror=non-virtual-dtor -Werror=bool-operation -Wnarrowing -Wno-missing-field-initializers -Wno-type-limits -Wno-array-bounds -Wno-unknown-pragmas -Wunused-local-typedefs -Wno-unused-parameter -Wno-unused-function -Wno-unused-result -Wno-strict-overflow -Wno-strict-aliasing -Wno-error=deprecated-declarations -Wno-stringop-overflow -Wno-psabi -Wno-error=pedantic -Wno-error=redundant-decls -Wno-error=old-style-cast -fdiagnostics-color=always -faligned-new -Wno-unused-but-set-variable -Wno-maybe-uninitialized -fno-math-errno -fno-trapping-math -Werror=format -Werror=cast-function-type -Wno-stringop-overflow, LAPACK_INFO=mkl, PERF_WITH_AVX=1, PERF_WITH_AVX2=1, PERF_WITH_AVX512=1, TORCH_DISABLE_GPU_ASSERTS=ON, TORCH_VERSION=2.0.0, USE_CUDA=ON, USE_CUDNN=ON, USE_EXCEPTION_PTR=1, USE_GFLAGS=OFF, USE_GLOG=OFF, USE_MKL=ON, USE_MKLDNN=ON, USE_MPI=OFF, USE_NCCL=1, USE_NNPACK=ON, USE_OPENMP=ON, USE_ROCM=OFF, 

    TorchVision: 0.15.1+cu118
    OpenCV: 4.7.0
    MMEngine: 0.7.4

Runtime environment:
    cudnn_benchmark: True
    mp_cfg: {'mp_start_method': 'fork', 'opencv_num_threads': 0}
    dist_cfg: {'backend': 'nccl'}
    seed: 42
    Distributed launcher: none
    Distributed training: False
    GPU number: 1
------------------------------------------------------------

2023/06/15 15:15:44 - mmengine - INFO - Config:
norm_cfg = dict(type='BN', requires_grad=True)
data_preprocessor = dict(
    type='SegDataPreProcessor',
    mean=[123.675, 116.28, 103.53],
    std=[58.395, 57.12, 57.375],
    bgr_to_rgb=True,
    pad_val=0,
    seg_pad_val=255,
    size=(256, 256))
model = dict(
    type='EncoderDecoder',
    data_preprocessor=dict(
        type='SegDataPreProcessor',
        mean=[123.675, 116.28, 103.53],
        std=[58.395, 57.12, 57.375],
        bgr_to_rgb=True,
        pad_val=0,
        seg_pad_val=255,
        size=(256, 256)),
    pretrained='open-mmlab://resnet50_v1c',
    backbone=dict(
        type='ResNetV1c',
        depth=50,
        num_stages=4,
        out_indices=(0, 1, 2, 3),
        dilations=(1, 1, 2, 4),
        strides=(1, 2, 1, 1),
        norm_cfg=dict(type='BN', requires_grad=True),
        norm_eval=False,
        style='pytorch',
        contract_dilation=True),
    decode_head=dict(
        type='PSPHead',
        in_channels=2048,
        in_index=3,
        channels=512,
        pool_scales=(1, 2, 3, 6),
        dropout_ratio=0.1,
        num_classes=6,
        norm_cfg=dict(type='BN', requires_grad=True),
        align_corners=False,
        loss_decode=dict(
            type='CrossEntropyLoss', use_sigmoid=False, loss_weight=1.0)),
    auxiliary_head=dict(
        type='FCNHead',
        in_channels=1024,
        in_index=2,
        channels=256,
        num_convs=1,
        concat_input=False,
        dropout_ratio=0.1,
        num_classes=6,
        norm_cfg=dict(type='BN', requires_grad=True),
        align_corners=False,
        loss_decode=dict(
            type='CrossEntropyLoss', use_sigmoid=False, loss_weight=0.4)),
    train_cfg=dict(),
    test_cfg=dict(mode='whole'))
dataset_type = 'HomeworkDataset'
data_root = '/root/autodl-tmp/Watermelon87_Semantic_Seg_Mask/'
crop_size = (256, 256)
train_pipeline = [
    dict(type='LoadImageFromFile'),
    dict(type='LoadAnnotations'),
    dict(
        type='RandomResize',
        scale=(512, 512),
        ratio_range=(0.5, 2.0),
        keep_ratio=True),
    dict(type='RandomCrop', crop_size=(64, 64), cat_max_ratio=0.75),
    dict(type='RandomFlip', prob=0.5),
    dict(type='PhotoMetricDistortion'),
    dict(type='PackSegInputs')
]
test_pipeline = [
    dict(type='LoadImageFromFile'),
    dict(type='Resize', scale=(512, 512), keep_ratio=True),
    dict(type='LoadAnnotations'),
    dict(type='PackSegInputs')
]
img_ratios = [0.5, 0.75, 1.0, 1.25, 1.5, 1.75]
tta_pipeline = [
    dict(type='LoadImageFromFile', file_client_args=dict(backend='disk')),
    dict(
        type='TestTimeAug',
        transforms=[[{
            'type': 'Resize',
            'scale_factor': 0.5,
            'keep_ratio': True
        }, {
            'type': 'Resize',
            'scale_factor': 0.75,
            'keep_ratio': True
        }, {
            'type': 'Resize',
            'scale_factor': 1.0,
            'keep_ratio': True
        }, {
            'type': 'Resize',
            'scale_factor': 1.25,
            'keep_ratio': True
        }, {
            'type': 'Resize',
            'scale_factor': 1.5,
            'keep_ratio': True
        }, {
            'type': 'Resize',
            'scale_factor': 1.75,
            'keep_ratio': True
        }],
                    [{
                        'type': 'RandomFlip',
                        'prob': 0.0,
                        'direction': 'horizontal'
                    }, {
                        'type': 'RandomFlip',
                        'prob': 1.0,
                        'direction': 'horizontal'
                    }], [{
                        'type': 'LoadAnnotations'
                    }], [{
                        'type': 'PackSegInputs'
                    }]])
]
train_dataloader = dict(
    batch_size=6,
    num_workers=8,
    persistent_workers=True,
    sampler=dict(type='InfiniteSampler', shuffle=True),
    dataset=dict(
        type='HomeworkDataset',
        data_root='/root/autodl-tmp/Watermelon87_Semantic_Seg_Mask/',
        data_prefix=dict(
            img_path='img_dir/train', seg_map_path='ann_dir/train'),
        pipeline=[
            dict(type='LoadImageFromFile'),
            dict(type='LoadAnnotations'),
            dict(
                type='RandomResize',
                scale=(512, 512),
                ratio_range=(0.5, 2.0),
                keep_ratio=True),
            dict(type='RandomCrop', crop_size=(64, 64), cat_max_ratio=0.75),
            dict(type='RandomFlip', prob=0.5),
            dict(type='PhotoMetricDistortion'),
            dict(type='PackSegInputs')
        ]))
val_dataloader = dict(
    batch_size=1,
    num_workers=8,
    persistent_workers=True,
    sampler=dict(type='DefaultSampler', shuffle=False),
    dataset=dict(
        type='HomeworkDataset',
        data_root='/root/autodl-tmp/Watermelon87_Semantic_Seg_Mask/',
        data_prefix=dict(img_path='img_dir/val', seg_map_path='ann_dir/val'),
        pipeline=[
            dict(type='LoadImageFromFile'),
            dict(type='Resize', scale=(512, 512), keep_ratio=True),
            dict(type='LoadAnnotations'),
            dict(type='PackSegInputs')
        ]))
test_dataloader = dict(
    batch_size=1,
    num_workers=8,
    persistent_workers=True,
    sampler=dict(type='DefaultSampler', shuffle=False),
    dataset=dict(
        type='HomeworkDataset',
        data_root='/root/autodl-tmp/Watermelon87_Semantic_Seg_Mask/',
        data_prefix=dict(img_path='img_dir/val', seg_map_path='ann_dir/val'),
        pipeline=[
            dict(type='LoadImageFromFile'),
            dict(type='Resize', scale=(512, 512), keep_ratio=True),
            dict(type='LoadAnnotations'),
            dict(type='PackSegInputs')
        ]))
val_evaluator = dict(type='IoUMetric', iou_metrics=['mIoU'])
test_evaluator = dict(type='IoUMetric', iou_metrics=['mIoU'])
default_scope = 'mmseg'
env_cfg = dict(
    cudnn_benchmark=True,
    mp_cfg=dict(mp_start_method='fork', opencv_num_threads=0),
    dist_cfg=dict(backend='nccl'))
vis_backends = [dict(type='LocalVisBackend')]
visualizer = dict(
    type='SegLocalVisualizer',
    vis_backends=[dict(type='LocalVisBackend')],
    name='visualizer')
log_processor = dict(by_epoch=False)
log_level = 'INFO'
load_from = None
resume = False
tta_model = dict(type='SegTTAModel')
optimizer = dict(type='SGD', lr=0.01, momentum=0.9, weight_decay=0.0005)
optim_wrapper = dict(
    type='AmpOptimWrapper',
    optimizer=dict(type='SGD', lr=0.01, momentum=0.9, weight_decay=0.0005),
    clip_grad=None,
    loss_scale='dynamic')
param_scheduler = [
    dict(
        type='PolyLR',
        eta_min=0.0001,
        power=0.9,
        begin=0,
        end=12000,
        by_epoch=False)
]
train_cfg = dict(type='IterBasedTrainLoop', max_iters=12000, val_interval=400)
val_cfg = dict(type='ValLoop')
test_cfg = dict(type='TestLoop')
default_hooks = dict(
    timer=dict(type='IterTimerHook'),
    logger=dict(type='LoggerHook', interval=100, log_metric_by_epoch=False),
    param_scheduler=dict(type='ParamSchedulerHook'),
    checkpoint=dict(type='CheckpointHook', by_epoch=False, interval=400),
    sampler_seed=dict(type='DistSamplerSeedHook'),
    visualization=dict(type='SegVisualizationHook'))
randomness = dict(seed=42)
launcher = 'none'
work_dir = './work_dirs/mypspnet'

2023/06/15 15:15:47 - mmengine - INFO - Distributed training is not used, all SyncBatchNorm (SyncBN) layers in the model will be automatically reverted to BatchNormXd layers if they are used.
2023/06/15 15:15:47 - mmengine - INFO - Hooks will be executed in the following order:
before_run:
(VERY_HIGH   ) RuntimeInfoHook                    
(BELOW_NORMAL) LoggerHook                         
 -------------------- 
before_train:
(VERY_HIGH   ) RuntimeInfoHook                    
(NORMAL      ) IterTimerHook                      
(VERY_LOW    ) CheckpointHook                     
 -------------------- 
before_train_epoch:
(VERY_HIGH   ) RuntimeInfoHook                    
(NORMAL      ) IterTimerHook                      
(NORMAL      ) DistSamplerSeedHook                
 -------------------- 
before_train_iter:
(VERY_HIGH   ) RuntimeInfoHook                    
(NORMAL      ) IterTimerHook                      
 -------------------- 
after_train_iter:
(VERY_HIGH   ) RuntimeInfoHook                    
(NORMAL      ) IterTimerHook                      
(NORMAL      ) SegVisualizationHook               
(BELOW_NORMAL) LoggerHook                         
(LOW         ) ParamSchedulerHook                 
(VERY_LOW    ) CheckpointHook                     
 -------------------- 
after_train_epoch:
(NORMAL      ) IterTimerHook                      
(LOW         ) ParamSchedulerHook                 
(VERY_LOW    ) CheckpointHook                     
 -------------------- 
before_val_epoch:
(NORMAL      ) IterTimerHook                      
 -------------------- 
before_val_iter:
(NORMAL      ) IterTimerHook                      
 -------------------- 
after_val_iter:
(NORMAL      ) IterTimerHook                      
(NORMAL      ) SegVisualizationHook               
(BELOW_NORMAL) LoggerHook                         
 -------------------- 
after_val_epoch:
(VERY_HIGH   ) RuntimeInfoHook                    
(NORMAL      ) IterTimerHook                      
(BELOW_NORMAL) LoggerHook                         
(LOW         ) ParamSchedulerHook                 
(VERY_LOW    ) CheckpointHook                     
 -------------------- 
after_train:
(VERY_LOW    ) CheckpointHook                     
 -------------------- 
before_test_epoch:
(NORMAL      ) IterTimerHook                      
 -------------------- 
before_test_iter:
(NORMAL      ) IterTimerHook                      
 -------------------- 
after_test_iter:
(NORMAL      ) IterTimerHook                      
(NORMAL      ) SegVisualizationHook               
(BELOW_NORMAL) LoggerHook                         
 -------------------- 
after_test_epoch:
(VERY_HIGH   ) RuntimeInfoHook                    
(NORMAL      ) IterTimerHook                      
(BELOW_NORMAL) LoggerHook                         
 -------------------- 
after_run:
(BELOW_NORMAL) LoggerHook                         
 -------------------- 
2023/06/15 15:15:49 - mmengine - WARNING - The prefix is not set in metric class IoUMetric.
2023/06/15 15:15:50 - mmengine - INFO - load model from: open-mmlab://resnet50_v1c
2023/06/15 15:15:50 - mmengine - INFO - Loads checkpoint by openmmlab backend from path: open-mmlab://resnet50_v1c
2023/06/15 15:15:50 - mmengine - WARNING - The model and loaded state dict do not match exactly

unexpected key in source state_dict: fc.weight, fc.bias

Name of parameter - Initialization information

backbone.stem.0.weight - torch.Size([32, 3, 3, 3]): 
PretrainedInit: load from open-mmlab://resnet50_v1c 

backbone.stem.1.weight - torch.Size([32]): 
PretrainedInit: load from open-mmlab://resnet50_v1c 

backbone.stem.1.bias - torch.Size([32]): 
PretrainedInit: load from open-mmlab://resnet50_v1c 

backbone.stem.3.weight - torch.Size([32, 32, 3, 3]): 
PretrainedInit: load from open-mmlab://resnet50_v1c 

backbone.stem.4.weight - torch.Size([32]): 
PretrainedInit: load from open-mmlab://resnet50_v1c 

backbone.stem.4.bias - torch.Size([32]): 
PretrainedInit: load from open-mmlab://resnet50_v1c 

backbone.stem.6.weight - torch.Size([64, 32, 3, 3]): 
PretrainedInit: load from open-mmlab://resnet50_v1c 

backbone.stem.7.weight - torch.Size([64]): 
PretrainedInit: load from open-mmlab://resnet50_v1c 

backbone.stem.7.bias - torch.Size([64]): 
PretrainedInit: load from open-mmlab://resnet50_v1c 

backbone.layer1.0.conv1.weight - torch.Size([64, 64, 1, 1]): 
PretrainedInit: load from open-mmlab://resnet50_v1c 

backbone.layer1.0.bn1.weight - torch.Size([64]): 
PretrainedInit: load from open-mmlab://resnet50_v1c 

backbone.layer1.0.bn1.bias - torch.Size([64]): 
PretrainedInit: load from open-mmlab://resnet50_v1c 

backbone.layer1.0.conv2.weight - torch.Size([64, 64, 3, 3]): 
PretrainedInit: load from open-mmlab://resnet50_v1c 

backbone.layer1.0.bn2.weight - torch.Size([64]): 
PretrainedInit: load from open-mmlab://resnet50_v1c 

backbone.layer1.0.bn2.bias - torch.Size([64]): 
PretrainedInit: load from open-mmlab://resnet50_v1c 

backbone.layer1.0.conv3.weight - torch.Size([256, 64, 1, 1]): 
PretrainedInit: load from open-mmlab://resnet50_v1c 

backbone.layer1.0.bn3.weight - torch.Size([256]): 
PretrainedInit: load from open-mmlab://resnet50_v1c 

backbone.layer1.0.bn3.bias - torch.Size([256]): 
PretrainedInit: load from open-mmlab://resnet50_v1c 

backbone.layer1.0.downsample.0.weight - torch.Size([256, 64, 1, 1]): 
PretrainedInit: load from open-mmlab://resnet50_v1c 

backbone.layer1.0.downsample.1.weight - torch.Size([256]): 
PretrainedInit: load from open-mmlab://resnet50_v1c 

backbone.layer1.0.downsample.1.bias - torch.Size([256]): 
PretrainedInit: load from open-mmlab://resnet50_v1c 

backbone.layer1.1.conv1.weight - torch.Size([64, 256, 1, 1]): 
PretrainedInit: load from open-mmlab://resnet50_v1c 

backbone.layer1.1.bn1.weight - torch.Size([64]): 
PretrainedInit: load from open-mmlab://resnet50_v1c 

backbone.layer1.1.bn1.bias - torch.Size([64]): 
PretrainedInit: load from open-mmlab://resnet50_v1c 

backbone.layer1.1.conv2.weight - torch.Size([64, 64, 3, 3]): 
PretrainedInit: load from open-mmlab://resnet50_v1c 

backbone.layer1.1.bn2.weight - torch.Size([64]): 
PretrainedInit: load from open-mmlab://resnet50_v1c 

backbone.layer1.1.bn2.bias - torch.Size([64]): 
PretrainedInit: load from open-mmlab://resnet50_v1c 

backbone.layer1.1.conv3.weight - torch.Size([256, 64, 1, 1]): 
PretrainedInit: load from open-mmlab://resnet50_v1c 

backbone.layer1.1.bn3.weight - torch.Size([256]): 
PretrainedInit: load from open-mmlab://resnet50_v1c 

backbone.layer1.1.bn3.bias - torch.Size([256]): 
PretrainedInit: load from open-mmlab://resnet50_v1c 

backbone.layer1.2.conv1.weight - torch.Size([64, 256, 1, 1]): 
PretrainedInit: load from open-mmlab://resnet50_v1c 

backbone.layer1.2.bn1.weight - torch.Size([64]): 
PretrainedInit: load from open-mmlab://resnet50_v1c 

backbone.layer1.2.bn1.bias - torch.Size([64]): 
PretrainedInit: load from open-mmlab://resnet50_v1c 

backbone.layer1.2.conv2.weight - torch.Size([64, 64, 3, 3]): 
PretrainedInit: load from open-mmlab://resnet50_v1c 

backbone.layer1.2.bn2.weight - torch.Size([64]): 
PretrainedInit: load from open-mmlab://resnet50_v1c 

backbone.layer1.2.bn2.bias - torch.Size([64]): 
PretrainedInit: load from open-mmlab://resnet50_v1c 

backbone.layer1.2.conv3.weight - torch.Size([256, 64, 1, 1]): 
PretrainedInit: load from open-mmlab://resnet50_v1c 

backbone.layer1.2.bn3.weight - torch.Size([256]): 
PretrainedInit: load from open-mmlab://resnet50_v1c 

backbone.layer1.2.bn3.bias - torch.Size([256]): 
PretrainedInit: load from open-mmlab://resnet50_v1c 

backbone.layer2.0.conv1.weight - torch.Size([128, 256, 1, 1]): 
PretrainedInit: load from open-mmlab://resnet50_v1c 

backbone.layer2.0.bn1.weight - torch.Size([128]): 
PretrainedInit: load from open-mmlab://resnet50_v1c 

backbone.layer2.0.bn1.bias - torch.Size([128]): 
PretrainedInit: load from open-mmlab://resnet50_v1c 

backbone.layer2.0.conv2.weight - torch.Size([128, 128, 3, 3]): 
PretrainedInit: load from open-mmlab://resnet50_v1c 

backbone.layer2.0.bn2.weight - torch.Size([128]): 
PretrainedInit: load from open-mmlab://resnet50_v1c 

backbone.layer2.0.bn2.bias - torch.Size([128]): 
PretrainedInit: load from open-mmlab://resnet50_v1c 

backbone.layer2.0.conv3.weight - torch.Size([512, 128, 1, 1]): 
PretrainedInit: load from open-mmlab://resnet50_v1c 

backbone.layer2.0.bn3.weight - torch.Size([512]): 
PretrainedInit: load from open-mmlab://resnet50_v1c 

backbone.layer2.0.bn3.bias - torch.Size([512]): 
PretrainedInit: load from open-mmlab://resnet50_v1c 

backbone.layer2.0.downsample.0.weight - torch.Size([512, 256, 1, 1]): 
PretrainedInit: load from open-mmlab://resnet50_v1c 

backbone.layer2.0.downsample.1.weight - torch.Size([512]): 
PretrainedInit: load from open-mmlab://resnet50_v1c 

backbone.layer2.0.downsample.1.bias - torch.Size([512]): 
PretrainedInit: load from open-mmlab://resnet50_v1c 

backbone.layer2.1.conv1.weight - torch.Size([128, 512, 1, 1]): 
PretrainedInit: load from open-mmlab://resnet50_v1c 

backbone.layer2.1.bn1.weight - torch.Size([128]): 
PretrainedInit: load from open-mmlab://resnet50_v1c 

backbone.layer2.1.bn1.bias - torch.Size([128]): 
PretrainedInit: load from open-mmlab://resnet50_v1c 

backbone.layer2.1.conv2.weight - torch.Size([128, 128, 3, 3]): 
PretrainedInit: load from open-mmlab://resnet50_v1c 

backbone.layer2.1.bn2.weight - torch.Size([128]): 
PretrainedInit: load from open-mmlab://resnet50_v1c 

backbone.layer2.1.bn2.bias - torch.Size([128]): 
PretrainedInit: load from open-mmlab://resnet50_v1c 

backbone.layer2.1.conv3.weight - torch.Size([512, 128, 1, 1]): 
PretrainedInit: load from open-mmlab://resnet50_v1c 

backbone.layer2.1.bn3.weight - torch.Size([512]): 
PretrainedInit: load from open-mmlab://resnet50_v1c 

backbone.layer2.1.bn3.bias - torch.Size([512]): 
PretrainedInit: load from open-mmlab://resnet50_v1c 

backbone.layer2.2.conv1.weight - torch.Size([128, 512, 1, 1]): 
PretrainedInit: load from open-mmlab://resnet50_v1c 

backbone.layer2.2.bn1.weight - torch.Size([128]): 
PretrainedInit: load from open-mmlab://resnet50_v1c 

backbone.layer2.2.bn1.bias - torch.Size([128]): 
PretrainedInit: load from open-mmlab://resnet50_v1c 

backbone.layer2.2.conv2.weight - torch.Size([128, 128, 3, 3]): 
PretrainedInit: load from open-mmlab://resnet50_v1c 

backbone.layer2.2.bn2.weight - torch.Size([128]): 
PretrainedInit: load from open-mmlab://resnet50_v1c 

backbone.layer2.2.bn2.bias - torch.Size([128]): 
PretrainedInit: load from open-mmlab://resnet50_v1c 

backbone.layer2.2.conv3.weight - torch.Size([512, 128, 1, 1]): 
PretrainedInit: load from open-mmlab://resnet50_v1c 

backbone.layer2.2.bn3.weight - torch.Size([512]): 
PretrainedInit: load from open-mmlab://resnet50_v1c 

backbone.layer2.2.bn3.bias - torch.Size([512]): 
PretrainedInit: load from open-mmlab://resnet50_v1c 

backbone.layer2.3.conv1.weight - torch.Size([128, 512, 1, 1]): 
PretrainedInit: load from open-mmlab://resnet50_v1c 

backbone.layer2.3.bn1.weight - torch.Size([128]): 
PretrainedInit: load from open-mmlab://resnet50_v1c 

backbone.layer2.3.bn1.bias - torch.Size([128]): 
PretrainedInit: load from open-mmlab://resnet50_v1c 

backbone.layer2.3.conv2.weight - torch.Size([128, 128, 3, 3]): 
PretrainedInit: load from open-mmlab://resnet50_v1c 

backbone.layer2.3.bn2.weight - torch.Size([128]): 
PretrainedInit: load from open-mmlab://resnet50_v1c 

backbone.layer2.3.bn2.bias - torch.Size([128]): 
PretrainedInit: load from open-mmlab://resnet50_v1c 

backbone.layer2.3.conv3.weight - torch.Size([512, 128, 1, 1]): 
PretrainedInit: load from open-mmlab://resnet50_v1c 

backbone.layer2.3.bn3.weight - torch.Size([512]): 
PretrainedInit: load from open-mmlab://resnet50_v1c 

backbone.layer2.3.bn3.bias - torch.Size([512]): 
PretrainedInit: load from open-mmlab://resnet50_v1c 

backbone.layer3.0.conv1.weight - torch.Size([256, 512, 1, 1]): 
PretrainedInit: load from open-mmlab://resnet50_v1c 

backbone.layer3.0.bn1.weight - torch.Size([256]): 
PretrainedInit: load from open-mmlab://resnet50_v1c 

backbone.layer3.0.bn1.bias - torch.Size([256]): 
PretrainedInit: load from open-mmlab://resnet50_v1c 

backbone.layer3.0.conv2.weight - torch.Size([256, 256, 3, 3]): 
PretrainedInit: load from open-mmlab://resnet50_v1c 

backbone.layer3.0.bn2.weight - torch.Size([256]): 
PretrainedInit: load from open-mmlab://resnet50_v1c 

backbone.layer3.0.bn2.bias - torch.Size([256]): 
PretrainedInit: load from open-mmlab://resnet50_v1c 

backbone.layer3.0.conv3.weight - torch.Size([1024, 256, 1, 1]): 
PretrainedInit: load from open-mmlab://resnet50_v1c 

backbone.layer3.0.bn3.weight - torch.Size([1024]): 
PretrainedInit: load from open-mmlab://resnet50_v1c 

backbone.layer3.0.bn3.bias - torch.Size([1024]): 
PretrainedInit: load from open-mmlab://resnet50_v1c 

backbone.layer3.0.downsample.0.weight - torch.Size([1024, 512, 1, 1]): 
PretrainedInit: load from open-mmlab://resnet50_v1c 

backbone.layer3.0.downsample.1.weight - torch.Size([1024]): 
PretrainedInit: load from open-mmlab://resnet50_v1c 

backbone.layer3.0.downsample.1.bias - torch.Size([1024]): 
PretrainedInit: load from open-mmlab://resnet50_v1c 

backbone.layer3.1.conv1.weight - torch.Size([256, 1024, 1, 1]): 
PretrainedInit: load from open-mmlab://resnet50_v1c 

backbone.layer3.1.bn1.weight - torch.Size([256]): 
PretrainedInit: load from open-mmlab://resnet50_v1c 

backbone.layer3.1.bn1.bias - torch.Size([256]): 
PretrainedInit: load from open-mmlab://resnet50_v1c 

backbone.layer3.1.conv2.weight - torch.Size([256, 256, 3, 3]): 
PretrainedInit: load from open-mmlab://resnet50_v1c 

backbone.layer3.1.bn2.weight - torch.Size([256]): 
PretrainedInit: load from open-mmlab://resnet50_v1c 

backbone.layer3.1.bn2.bias - torch.Size([256]): 
PretrainedInit: load from open-mmlab://resnet50_v1c 

backbone.layer3.1.conv3.weight - torch.Size([1024, 256, 1, 1]): 
PretrainedInit: load from open-mmlab://resnet50_v1c 

backbone.layer3.1.bn3.weight - torch.Size([1024]): 
PretrainedInit: load from open-mmlab://resnet50_v1c 

backbone.layer3.1.bn3.bias - torch.Size([1024]): 
PretrainedInit: load from open-mmlab://resnet50_v1c 

backbone.layer3.2.conv1.weight - torch.Size([256, 1024, 1, 1]): 
PretrainedInit: load from open-mmlab://resnet50_v1c 

backbone.layer3.2.bn1.weight - torch.Size([256]): 
PretrainedInit: load from open-mmlab://resnet50_v1c 

backbone.layer3.2.bn1.bias - torch.Size([256]): 
PretrainedInit: load from open-mmlab://resnet50_v1c 

backbone.layer3.2.conv2.weight - torch.Size([256, 256, 3, 3]): 
PretrainedInit: load from open-mmlab://resnet50_v1c 

backbone.layer3.2.bn2.weight - torch.Size([256]): 
PretrainedInit: load from open-mmlab://resnet50_v1c 

backbone.layer3.2.bn2.bias - torch.Size([256]): 
PretrainedInit: load from open-mmlab://resnet50_v1c 

backbone.layer3.2.conv3.weight - torch.Size([1024, 256, 1, 1]): 
PretrainedInit: load from open-mmlab://resnet50_v1c 

backbone.layer3.2.bn3.weight - torch.Size([1024]): 
PretrainedInit: load from open-mmlab://resnet50_v1c 

backbone.layer3.2.bn3.bias - torch.Size([1024]): 
PretrainedInit: load from open-mmlab://resnet50_v1c 

backbone.layer3.3.conv1.weight - torch.Size([256, 1024, 1, 1]): 
PretrainedInit: load from open-mmlab://resnet50_v1c 

backbone.layer3.3.bn1.weight - torch.Size([256]): 
PretrainedInit: load from open-mmlab://resnet50_v1c 

backbone.layer3.3.bn1.bias - torch.Size([256]): 
PretrainedInit: load from open-mmlab://resnet50_v1c 

backbone.layer3.3.conv2.weight - torch.Size([256, 256, 3, 3]): 
PretrainedInit: load from open-mmlab://resnet50_v1c 

backbone.layer3.3.bn2.weight - torch.Size([256]): 
PretrainedInit: load from open-mmlab://resnet50_v1c 

backbone.layer3.3.bn2.bias - torch.Size([256]): 
PretrainedInit: load from open-mmlab://resnet50_v1c 

backbone.layer3.3.conv3.weight - torch.Size([1024, 256, 1, 1]): 
PretrainedInit: load from open-mmlab://resnet50_v1c 

backbone.layer3.3.bn3.weight - torch.Size([1024]): 
PretrainedInit: load from open-mmlab://resnet50_v1c 

backbone.layer3.3.bn3.bias - torch.Size([1024]): 
PretrainedInit: load from open-mmlab://resnet50_v1c 

backbone.layer3.4.conv1.weight - torch.Size([256, 1024, 1, 1]): 
PretrainedInit: load from open-mmlab://resnet50_v1c 

backbone.layer3.4.bn1.weight - torch.Size([256]): 
PretrainedInit: load from open-mmlab://resnet50_v1c 

backbone.layer3.4.bn1.bias - torch.Size([256]): 
PretrainedInit: load from open-mmlab://resnet50_v1c 

backbone.layer3.4.conv2.weight - torch.Size([256, 256, 3, 3]): 
PretrainedInit: load from open-mmlab://resnet50_v1c 

backbone.layer3.4.bn2.weight - torch.Size([256]): 
PretrainedInit: load from open-mmlab://resnet50_v1c 

backbone.layer3.4.bn2.bias - torch.Size([256]): 
PretrainedInit: load from open-mmlab://resnet50_v1c 

backbone.layer3.4.conv3.weight - torch.Size([1024, 256, 1, 1]): 
PretrainedInit: load from open-mmlab://resnet50_v1c 

backbone.layer3.4.bn3.weight - torch.Size([1024]): 
PretrainedInit: load from open-mmlab://resnet50_v1c 

backbone.layer3.4.bn3.bias - torch.Size([1024]): 
PretrainedInit: load from open-mmlab://resnet50_v1c 

backbone.layer3.5.conv1.weight - torch.Size([256, 1024, 1, 1]): 
PretrainedInit: load from open-mmlab://resnet50_v1c 

backbone.layer3.5.bn1.weight - torch.Size([256]): 
PretrainedInit: load from open-mmlab://resnet50_v1c 

backbone.layer3.5.bn1.bias - torch.Size([256]): 
PretrainedInit: load from open-mmlab://resnet50_v1c 

backbone.layer3.5.conv2.weight - torch.Size([256, 256, 3, 3]): 
PretrainedInit: load from open-mmlab://resnet50_v1c 

backbone.layer3.5.bn2.weight - torch.Size([256]): 
PretrainedInit: load from open-mmlab://resnet50_v1c 

backbone.layer3.5.bn2.bias - torch.Size([256]): 
PretrainedInit: load from open-mmlab://resnet50_v1c 

backbone.layer3.5.conv3.weight - torch.Size([1024, 256, 1, 1]): 
PretrainedInit: load from open-mmlab://resnet50_v1c 

backbone.layer3.5.bn3.weight - torch.Size([1024]): 
PretrainedInit: load from open-mmlab://resnet50_v1c 

backbone.layer3.5.bn3.bias - torch.Size([1024]): 
PretrainedInit: load from open-mmlab://resnet50_v1c 

backbone.layer4.0.conv1.weight - torch.Size([512, 1024, 1, 1]): 
PretrainedInit: load from open-mmlab://resnet50_v1c 

backbone.layer4.0.bn1.weight - torch.Size([512]): 
PretrainedInit: load from open-mmlab://resnet50_v1c 

backbone.layer4.0.bn1.bias - torch.Size([512]): 
PretrainedInit: load from open-mmlab://resnet50_v1c 

backbone.layer4.0.conv2.weight - torch.Size([512, 512, 3, 3]): 
PretrainedInit: load from open-mmlab://resnet50_v1c 

backbone.layer4.0.bn2.weight - torch.Size([512]): 
PretrainedInit: load from open-mmlab://resnet50_v1c 

backbone.layer4.0.bn2.bias - torch.Size([512]): 
PretrainedInit: load from open-mmlab://resnet50_v1c 

backbone.layer4.0.conv3.weight - torch.Size([2048, 512, 1, 1]): 
PretrainedInit: load from open-mmlab://resnet50_v1c 

backbone.layer4.0.bn3.weight - torch.Size([2048]): 
PretrainedInit: load from open-mmlab://resnet50_v1c 

backbone.layer4.0.bn3.bias - torch.Size([2048]): 
PretrainedInit: load from open-mmlab://resnet50_v1c 

backbone.layer4.0.downsample.0.weight - torch.Size([2048, 1024, 1, 1]): 
PretrainedInit: load from open-mmlab://resnet50_v1c 

backbone.layer4.0.downsample.1.weight - torch.Size([2048]): 
PretrainedInit: load from open-mmlab://resnet50_v1c 

backbone.layer4.0.downsample.1.bias - torch.Size([2048]): 
PretrainedInit: load from open-mmlab://resnet50_v1c 

backbone.layer4.1.conv1.weight - torch.Size([512, 2048, 1, 1]): 
PretrainedInit: load from open-mmlab://resnet50_v1c 

backbone.layer4.1.bn1.weight - torch.Size([512]): 
PretrainedInit: load from open-mmlab://resnet50_v1c 

backbone.layer4.1.bn1.bias - torch.Size([512]): 
PretrainedInit: load from open-mmlab://resnet50_v1c 

backbone.layer4.1.conv2.weight - torch.Size([512, 512, 3, 3]): 
PretrainedInit: load from open-mmlab://resnet50_v1c 

backbone.layer4.1.bn2.weight - torch.Size([512]): 
PretrainedInit: load from open-mmlab://resnet50_v1c 

backbone.layer4.1.bn2.bias - torch.Size([512]): 
PretrainedInit: load from open-mmlab://resnet50_v1c 

backbone.layer4.1.conv3.weight - torch.Size([2048, 512, 1, 1]): 
PretrainedInit: load from open-mmlab://resnet50_v1c 

backbone.layer4.1.bn3.weight - torch.Size([2048]): 
PretrainedInit: load from open-mmlab://resnet50_v1c 

backbone.layer4.1.bn3.bias - torch.Size([2048]): 
PretrainedInit: load from open-mmlab://resnet50_v1c 

backbone.layer4.2.conv1.weight - torch.Size([512, 2048, 1, 1]): 
PretrainedInit: load from open-mmlab://resnet50_v1c 

backbone.layer4.2.bn1.weight - torch.Size([512]): 
PretrainedInit: load from open-mmlab://resnet50_v1c 

backbone.layer4.2.bn1.bias - torch.Size([512]): 
PretrainedInit: load from open-mmlab://resnet50_v1c 

backbone.layer4.2.conv2.weight - torch.Size([512, 512, 3, 3]): 
PretrainedInit: load from open-mmlab://resnet50_v1c 

backbone.layer4.2.bn2.weight - torch.Size([512]): 
PretrainedInit: load from open-mmlab://resnet50_v1c 

backbone.layer4.2.bn2.bias - torch.Size([512]): 
PretrainedInit: load from open-mmlab://resnet50_v1c 

backbone.layer4.2.conv3.weight - torch.Size([2048, 512, 1, 1]): 
PretrainedInit: load from open-mmlab://resnet50_v1c 

backbone.layer4.2.bn3.weight - torch.Size([2048]): 
PretrainedInit: load from open-mmlab://resnet50_v1c 

backbone.layer4.2.bn3.bias - torch.Size([2048]): 
PretrainedInit: load from open-mmlab://resnet50_v1c 

decode_head.conv_seg.weight - torch.Size([6, 512, 1, 1]): 
NormalInit: mean=0, std=0.01, bias=0 

decode_head.conv_seg.bias - torch.Size([6]): 
NormalInit: mean=0, std=0.01, bias=0 

decode_head.psp_modules.0.1.conv.weight - torch.Size([512, 2048, 1, 1]): 
The value is the same before and after calling `init_weights` of EncoderDecoder  

decode_head.psp_modules.0.1.bn.weight - torch.Size([512]): 
The value is the same before and after calling `init_weights` of EncoderDecoder  

decode_head.psp_modules.0.1.bn.bias - torch.Size([512]): 
The value is the same before and after calling `init_weights` of EncoderDecoder  

decode_head.psp_modules.1.1.conv.weight - torch.Size([512, 2048, 1, 1]): 
The value is the same before and after calling `init_weights` of EncoderDecoder  

decode_head.psp_modules.1.1.bn.weight - torch.Size([512]): 
The value is the same before and after calling `init_weights` of EncoderDecoder  

decode_head.psp_modules.1.1.bn.bias - torch.Size([512]): 
The value is the same before and after calling `init_weights` of EncoderDecoder  

decode_head.psp_modules.2.1.conv.weight - torch.Size([512, 2048, 1, 1]): 
The value is the same before and after calling `init_weights` of EncoderDecoder  

decode_head.psp_modules.2.1.bn.weight - torch.Size([512]): 
The value is the same before and after calling `init_weights` of EncoderDecoder  

decode_head.psp_modules.2.1.bn.bias - torch.Size([512]): 
The value is the same before and after calling `init_weights` of EncoderDecoder  

decode_head.psp_modules.3.1.conv.weight - torch.Size([512, 2048, 1, 1]): 
The value is the same before and after calling `init_weights` of EncoderDecoder  

decode_head.psp_modules.3.1.bn.weight - torch.Size([512]): 
The value is the same before and after calling `init_weights` of EncoderDecoder  

decode_head.psp_modules.3.1.bn.bias - torch.Size([512]): 
The value is the same before and after calling `init_weights` of EncoderDecoder  

decode_head.bottleneck.conv.weight - torch.Size([512, 4096, 3, 3]): 
Initialized by user-defined `init_weights` in ConvModule  

decode_head.bottleneck.bn.weight - torch.Size([512]): 
The value is the same before and after calling `init_weights` of EncoderDecoder  

decode_head.bottleneck.bn.bias - torch.Size([512]): 
The value is the same before and after calling `init_weights` of EncoderDecoder  

auxiliary_head.conv_seg.weight - torch.Size([6, 256, 1, 1]): 
NormalInit: mean=0, std=0.01, bias=0 

auxiliary_head.conv_seg.bias - torch.Size([6]): 
NormalInit: mean=0, std=0.01, bias=0 

auxiliary_head.convs.0.conv.weight - torch.Size([256, 1024, 3, 3]): 
The value is the same before and after calling `init_weights` of EncoderDecoder  

auxiliary_head.convs.0.bn.weight - torch.Size([256]): 
The value is the same before and after calling `init_weights` of EncoderDecoder  

auxiliary_head.convs.0.bn.bias - torch.Size([256]): 
The value is the same before and after calling `init_weights` of EncoderDecoder  
2023/06/15 15:15:50 - mmengine - WARNING - "FileClient" will be deprecated in future. Please use io functions in https://mmengine.readthedocs.io/en/latest/api/fileio.html#file-io
2023/06/15 15:15:50 - mmengine - WARNING - "HardDiskBackend" is the alias of "LocalBackend" and the former will be deprecated in future.
2023/06/15 15:15:50 - mmengine - INFO - Checkpoints will be saved to /root/work_dirs/mypspnet.
2023/06/15 15:15:54 - mmengine - INFO - Exp name: mypspnet_20230615_151542
2023/06/15 15:15:54 - mmengine - INFO - Iter(train) [    8/12000]  lr: 9.9948e-03  eta: 1:42:00  time: 0.5104  data_time: 0.0206  memory: 9596  loss: 0.1401  decode.loss_ce: 0.0975  decode.acc_seg: 37.6424  aux.loss_ce: 0.0426  aux.acc_seg: 32.1574
2023/06/15 15:16:00 - mmengine - INFO - Iter(train) [  100/12000]  lr: 9.9265e-03  eta: 0:19:24  time: 0.0588  data_time: 0.0101  memory: 1467  loss: 0.0612  decode.loss_ce: 0.0426  decode.acc_seg: 80.8228  aux.loss_ce: 0.0186  aux.acc_seg: 80.1961
2023/06/15 15:16:06 - mmengine - INFO - Iter(train) [  200/12000]  lr: 9.8521e-03  eta: 0:15:43  time: 0.0592  data_time: 0.0091  memory: 1467  loss: 0.0486  decode.loss_ce: 0.0340  decode.acc_seg: 86.0555  aux.loss_ce: 0.0146  aux.acc_seg: 82.4748
2023/06/15 15:16:12 - mmengine - INFO - Iter(train) [  300/12000]  lr: 9.7777e-03  eta: 0:14:32  time: 0.0656  data_time: 0.0171  memory: 1467  loss: 0.0369  decode.loss_ce: 0.0256  decode.acc_seg: 83.5286  aux.loss_ce: 0.0113  aux.acc_seg: 84.0983
2023/06/15 15:16:18 - mmengine - INFO - Iter(train) [  400/12000]  lr: 9.7032e-03  eta: 0:13:52  time: 0.0575  data_time: 0.0092  memory: 1467  loss: 0.0324  decode.loss_ce: 0.0228  decode.acc_seg: 81.3558  aux.loss_ce: 0.0096  aux.acc_seg: 82.0923
2023/06/15 15:16:18 - mmengine - INFO - Saving checkpoint at 400 iterations
2023/06/15 15:16:24 - mmengine - INFO - per class results:
2023/06/15 15:16:24 - mmengine - INFO - 
+------------+-------+-------+
|   Class    |  IoU  |  Acc  |
+------------+-------+-------+
|    red     | 69.86 | 96.55 |
|   green    | 50.21 | 55.15 |
|   white    |  6.52 |  6.57 |
| seed-black | 38.57 | 39.12 |
| seed-white |  0.0  |  0.0  |
+------------+-------+-------+
2023/06/15 15:16:24 - mmengine - INFO - Iter(val) [11/11]    aAcc: 74.8600  mIoU: 33.0300  mAcc: 39.4800  data_time: 0.1100  time: 0.2901
2023/06/15 15:16:30 - mmengine - INFO - Iter(train) [  500/12000]  lr: 9.6287e-03  eta: 0:13:22  time: 0.0636  data_time: 0.0107  memory: 2495  loss: 0.0317  decode.loss_ce: 0.0216  decode.acc_seg: 87.5081  aux.loss_ce: 0.0101  aux.acc_seg: 78.8818
2023/06/15 15:16:36 - mmengine - INFO - Iter(train) [  600/12000]  lr: 9.5541e-03  eta: 0:13:00  time: 0.0676  data_time: 0.0161  memory: 1467  loss: 0.0317  decode.loss_ce: 0.0224  decode.acc_seg: 88.6841  aux.loss_ce: 0.0093  aux.acc_seg: 88.8021
2023/06/15 15:16:42 - mmengine - INFO - Iter(train) [  700/12000]  lr: 9.4794e-03  eta: 0:12:43  time: 0.0633  data_time: 0.0136  memory: 1467  loss: 0.0256  decode.loss_ce: 0.0177  decode.acc_seg: 84.5459  aux.loss_ce: 0.0079  aux.acc_seg: 82.4666
2023/06/15 15:16:48 - mmengine - INFO - Iter(train) [  800/12000]  lr: 9.4047e-03  eta: 0:12:28  time: 0.0570  data_time: 0.0096  memory: 1467  loss: 0.0266  decode.loss_ce: 0.0182  decode.acc_seg: 90.5477  aux.loss_ce: 0.0084  aux.acc_seg: 89.4613
2023/06/15 15:16:48 - mmengine - INFO - Saving checkpoint at 800 iterations
2023/06/15 15:16:51 - mmengine - INFO - per class results:
2023/06/15 15:16:51 - mmengine - INFO - 
+------------+-------+-------+
|   Class    |  IoU  |  Acc  |
+------------+-------+-------+
|    red     | 69.42 | 98.78 |
|   green    | 31.63 | 32.62 |
|   white    | 43.65 | 45.08 |
| seed-black | 52.73 | 54.75 |
| seed-white |  0.0  |  0.0  |
+------------+-------+-------+
2023/06/15 15:16:51 - mmengine - INFO - Iter(val) [11/11]    aAcc: 73.8800  mIoU: 39.4900  mAcc: 46.2500  data_time: 0.0072  time: 0.0198
2023/06/15 15:16:57 - mmengine - INFO - Iter(train) [  900/12000]  lr: 9.3299e-03  eta: 0:12:18  time: 0.0629  data_time: 0.0138  memory: 1467  loss: 0.0345  decode.loss_ce: 0.0241  decode.acc_seg: 88.1551  aux.loss_ce: 0.0104  aux.acc_seg: 88.0412
2023/06/15 15:17:03 - mmengine - INFO - Exp name: mypspnet_20230615_151542
2023/06/15 15:17:03 - mmengine - INFO - Iter(train) [ 1000/12000]  lr: 9.2550e-03  eta: 0:12:06  time: 0.0631  data_time: 0.0128  memory: 1467  loss: 0.0255  decode.loss_ce: 0.0174  decode.acc_seg: 91.8254  aux.loss_ce: 0.0081  aux.acc_seg: 90.2588
2023/06/15 15:17:10 - mmengine - INFO - Iter(train) [ 1100/12000]  lr: 9.1801e-03  eta: 0:11:59  time: 0.0641  data_time: 0.0155  memory: 1467  loss: 0.0200  decode.loss_ce: 0.0138  decode.acc_seg: 94.1650  aux.loss_ce: 0.0062  aux.acc_seg: 94.1772
2023/06/15 15:17:16 - mmengine - INFO - Iter(train) [ 1200/12000]  lr: 9.1050e-03  eta: 0:11:48  time: 0.0691  data_time: 0.0197  memory: 1467  loss: 0.0240  decode.loss_ce: 0.0168  decode.acc_seg: 84.1227  aux.loss_ce: 0.0072  aux.acc_seg: 83.6141
2023/06/15 15:17:16 - mmengine - INFO - Saving checkpoint at 1200 iterations
2023/06/15 15:17:18 - mmengine - INFO - per class results:
2023/06/15 15:17:18 - mmengine - INFO - 
+------------+-------+-------+
|   Class    |  IoU  |  Acc  |
+------------+-------+-------+
|    red     | 81.82 | 97.14 |
|   green    | 70.78 | 75.06 |
|   white    | 46.81 | 52.22 |
| seed-black | 67.54 | 74.02 |
| seed-white |  6.75 |  6.79 |
+------------+-------+-------+
2023/06/15 15:17:18 - mmengine - INFO - Iter(val) [11/11]    aAcc: 86.0700  mIoU: 54.7400  mAcc: 61.0500  data_time: 0.0071  time: 0.0178
2023/06/15 15:17:24 - mmengine - INFO - Iter(train) [ 1300/12000]  lr: 9.0300e-03  eta: 0:11:39  time: 0.0596  data_time: 0.0110  memory: 1467  loss: 0.0239  decode.loss_ce: 0.0164  decode.acc_seg: 89.2415  aux.loss_ce: 0.0075  aux.acc_seg: 89.8844
2023/06/15 15:17:31 - mmengine - INFO - Iter(train) [ 1400/12000]  lr: 8.9548e-03  eta: 0:11:30  time: 0.0715  data_time: 0.0207  memory: 1467  loss: 0.0253  decode.loss_ce: 0.0181  decode.acc_seg: 90.3402  aux.loss_ce: 0.0072  aux.acc_seg: 91.5690
2023/06/15 15:17:37 - mmengine - INFO - Iter(train) [ 1500/12000]  lr: 8.8796e-03  eta: 0:11:22  time: 0.0635  data_time: 0.0106  memory: 1467  loss: 0.0199  decode.loss_ce: 0.0133  decode.acc_seg: 89.6362  aux.loss_ce: 0.0066  aux.acc_seg: 89.3880
2023/06/15 15:17:43 - mmengine - INFO - Iter(train) [ 1600/12000]  lr: 8.8043e-03  eta: 0:11:15  time: 0.0624  data_time: 0.0131  memory: 1467  loss: 0.0235  decode.loss_ce: 0.0165  decode.acc_seg: 90.2873  aux.loss_ce: 0.0070  aux.acc_seg: 91.5283
2023/06/15 15:17:43 - mmengine - INFO - Saving checkpoint at 1600 iterations
2023/06/15 15:17:46 - mmengine - INFO - per class results:
2023/06/15 15:17:46 - mmengine - INFO - 
+------------+-------+-------+
|   Class    |  IoU  |  Acc  |
+------------+-------+-------+
|    red     | 80.05 | 93.13 |
|   green    |  67.3 | 75.02 |
|   white    | 48.75 | 58.12 |
| seed-black | 70.91 | 83.99 |
| seed-white | 19.71 | 20.73 |
+------------+-------+-------+
2023/06/15 15:17:46 - mmengine - INFO - Iter(val) [11/11]    aAcc: 84.8600  mIoU: 57.3400  mAcc: 66.2000  data_time: 0.0064  time: 0.0174
2023/06/15 15:17:52 - mmengine - INFO - Iter(train) [ 1700/12000]  lr: 8.7290e-03  eta: 0:11:08  time: 0.0555  data_time: 0.0051  memory: 1467  loss: 0.0248  decode.loss_ce: 0.0174  decode.acc_seg: 93.7866  aux.loss_ce: 0.0074  aux.acc_seg: 94.5190
2023/06/15 15:17:58 - mmengine - INFO - Iter(train) [ 1800/12000]  lr: 8.6535e-03  eta: 0:11:02  time: 0.0620  data_time: 0.0118  memory: 1467  loss: 0.0224  decode.loss_ce: 0.0158  decode.acc_seg: 90.2791  aux.loss_ce: 0.0066  aux.acc_seg: 90.7349
2023/06/15 15:18:05 - mmengine - INFO - Iter(train) [ 1900/12000]  lr: 8.5780e-03  eta: 0:10:55  time: 0.0609  data_time: 0.0113  memory: 1467  loss: 0.0222  decode.loss_ce: 0.0158  decode.acc_seg: 90.9098  aux.loss_ce: 0.0064  aux.acc_seg: 90.0675
2023/06/15 15:18:11 - mmengine - INFO - Exp name: mypspnet_20230615_151542
2023/06/15 15:18:11 - mmengine - INFO - Iter(train) [ 2000/12000]  lr: 8.5024e-03  eta: 0:10:48  time: 0.0594  data_time: 0.0103  memory: 1467  loss: 0.0211  decode.loss_ce: 0.0148  decode.acc_seg: 91.1540  aux.loss_ce: 0.0063  aux.acc_seg: 93.8639
2023/06/15 15:18:11 - mmengine - INFO - Saving checkpoint at 2000 iterations
2023/06/15 15:18:14 - mmengine - INFO - per class results:
2023/06/15 15:18:14 - mmengine - INFO - 
+------------+-------+-------+
|   Class    |  IoU  |  Acc  |
+------------+-------+-------+
|    red     | 82.29 | 97.21 |
|   green    | 68.66 | 73.59 |
|   white    | 52.99 | 56.44 |
| seed-black | 70.98 | 79.17 |
| seed-white |  1.51 |  1.51 |
+------------+-------+-------+
2023/06/15 15:18:14 - mmengine - INFO - Iter(val) [11/11]    aAcc: 86.3300  mIoU: 55.2800  mAcc: 61.5800  data_time: 0.0071  time: 0.0195
2023/06/15 15:18:20 - mmengine - INFO - Iter(train) [ 2100/12000]  lr: 8.4268e-03  eta: 0:10:41  time: 0.0696  data_time: 0.0193  memory: 1467  loss: 0.0203  decode.loss_ce: 0.0137  decode.acc_seg: 93.0135  aux.loss_ce: 0.0066  aux.acc_seg: 92.4479
2023/06/15 15:18:26 - mmengine - INFO - Iter(train) [ 2200/12000]  lr: 8.3510e-03  eta: 0:10:34  time: 0.0632  data_time: 0.0131  memory: 1467  loss: 0.0202  decode.loss_ce: 0.0140  decode.acc_seg: 95.4183  aux.loss_ce: 0.0061  aux.acc_seg: 96.1182
2023/06/15 15:18:33 - mmengine - INFO - Iter(train) [ 2300/12000]  lr: 8.2752e-03  eta: 0:10:28  time: 0.0594  data_time: 0.0106  memory: 1467  loss: 0.0202  decode.loss_ce: 0.0139  decode.acc_seg: 94.3929  aux.loss_ce: 0.0063  aux.acc_seg: 92.1834
2023/06/15 15:18:39 - mmengine - INFO - Iter(train) [ 2400/12000]  lr: 8.1993e-03  eta: 0:10:21  time: 0.0698  data_time: 0.0191  memory: 1467  loss: 0.0234  decode.loss_ce: 0.0166  decode.acc_seg: 92.5578  aux.loss_ce: 0.0068  aux.acc_seg: 93.2861
2023/06/15 15:18:39 - mmengine - INFO - Saving checkpoint at 2400 iterations
2023/06/15 15:18:41 - mmengine - INFO - per class results:
2023/06/15 15:18:41 - mmengine - INFO - 
+------------+-------+-------+
|   Class    |  IoU  |  Acc  |
+------------+-------+-------+
|    red     | 82.71 | 95.76 |
|   green    |  73.1 | 79.14 |
|   white    | 53.29 | 59.73 |
| seed-black | 70.32 | 75.85 |
| seed-white | 24.61 | 31.91 |
+------------+-------+-------+
2023/06/15 15:18:41 - mmengine - INFO - Iter(val) [11/11]    aAcc: 87.1300  mIoU: 60.8100  mAcc: 68.4800  data_time: 0.0073  time: 0.0185
2023/06/15 15:18:48 - mmengine - INFO - Iter(train) [ 2500/12000]  lr: 8.1234e-03  eta: 0:10:14  time: 0.0741  data_time: 0.0223  memory: 1467  loss: 0.0206  decode.loss_ce: 0.0142  decode.acc_seg: 91.7806  aux.loss_ce: 0.0064  aux.acc_seg: 90.5233
2023/06/15 15:18:54 - mmengine - INFO - Iter(train) [ 2600/12000]  lr: 8.0473e-03  eta: 0:10:08  time: 0.0711  data_time: 0.0210  memory: 1467  loss: 0.0201  decode.loss_ce: 0.0143  decode.acc_seg: 95.2189  aux.loss_ce: 0.0058  aux.acc_seg: 94.9585
2023/06/15 15:19:01 - mmengine - INFO - Iter(train) [ 2700/12000]  lr: 7.9712e-03  eta: 0:10:02  time: 0.0742  data_time: 0.0235  memory: 1467  loss: 0.0237  decode.loss_ce: 0.0165  decode.acc_seg: 94.5557  aux.loss_ce: 0.0072  aux.acc_seg: 94.3237
2023/06/15 15:19:07 - mmengine - INFO - Iter(train) [ 2800/12000]  lr: 7.8950e-03  eta: 0:09:54  time: 0.0594  data_time: 0.0120  memory: 1467  loss: 0.0182  decode.loss_ce: 0.0128  decode.acc_seg: 96.5983  aux.loss_ce: 0.0054  aux.acc_seg: 97.1313
2023/06/15 15:19:07 - mmengine - INFO - Saving checkpoint at 2800 iterations
2023/06/15 15:19:09 - mmengine - INFO - per class results:
2023/06/15 15:19:09 - mmengine - INFO - 
+------------+-------+-------+
|   Class    |  IoU  |  Acc  |
+------------+-------+-------+
|    red     | 82.08 | 96.37 |
|   green    | 71.91 | 78.03 |
|   white    | 46.28 | 48.85 |
| seed-black | 71.32 | 77.83 |
| seed-white | 30.43 | 32.45 |
+------------+-------+-------+
2023/06/15 15:19:09 - mmengine - INFO - Iter(val) [11/11]    aAcc: 86.5900  mIoU: 60.4100  mAcc: 66.7100  data_time: 0.0066  time: 0.0185
2023/06/15 15:19:15 - mmengine - INFO - Iter(train) [ 2900/12000]  lr: 7.8187e-03  eta: 0:09:46  time: 0.0535  data_time: 0.0052  memory: 1467  loss: 0.0164  decode.loss_ce: 0.0115  decode.acc_seg: 92.0451  aux.loss_ce: 0.0050  aux.acc_seg: 90.6535
2023/06/15 15:19:21 - mmengine - INFO - Exp name: mypspnet_20230615_151542
2023/06/15 15:19:21 - mmengine - INFO - Iter(train) [ 3000/12000]  lr: 7.7423e-03  eta: 0:09:39  time: 0.0616  data_time: 0.0113  memory: 1467  loss: 0.0168  decode.loss_ce: 0.0116  decode.acc_seg: 89.3066  aux.loss_ce: 0.0051  aux.acc_seg: 89.9373
2023/06/15 15:19:27 - mmengine - INFO - Iter(train) [ 3100/12000]  lr: 7.6658e-03  eta: 0:09:32  time: 0.0634  data_time: 0.0132  memory: 1467  loss: 0.0193  decode.loss_ce: 0.0133  decode.acc_seg: 93.3634  aux.loss_ce: 0.0060  aux.acc_seg: 93.2170
2023/06/15 15:19:34 - mmengine - INFO - Iter(train) [ 3200/12000]  lr: 7.5893e-03  eta: 0:09:25  time: 0.0675  data_time: 0.0155  memory: 1467  loss: 0.0228  decode.loss_ce: 0.0158  decode.acc_seg: 93.9819  aux.loss_ce: 0.0069  aux.acc_seg: 93.3268
2023/06/15 15:19:34 - mmengine - INFO - Saving checkpoint at 3200 iterations
2023/06/15 15:19:36 - mmengine - INFO - per class results:
2023/06/15 15:19:36 - mmengine - INFO - 
+------------+-------+-------+
|   Class    |  IoU  |  Acc  |
+------------+-------+-------+
|    red     | 81.78 | 96.51 |
|   green    | 74.69 | 81.82 |
|   white    |  27.5 | 28.14 |
| seed-black | 73.85 | 79.21 |
| seed-white | 27.62 | 28.35 |
+------------+-------+-------+
2023/06/15 15:19:36 - mmengine - INFO - Iter(val) [11/11]    aAcc: 86.3300  mIoU: 57.0900  mAcc: 62.8100  data_time: 0.0055  time: 0.0167
2023/06/15 15:19:42 - mmengine - INFO - Iter(train) [ 3300/12000]  lr: 7.5126e-03  eta: 0:09:18  time: 0.0582  data_time: 0.0092  memory: 1467  loss: 0.0192  decode.loss_ce: 0.0132  decode.acc_seg: 91.5161  aux.loss_ce: 0.0060  aux.acc_seg: 90.4256
2023/06/15 15:19:49 - mmengine - INFO - Iter(train) [ 3400/12000]  lr: 7.4359e-03  eta: 0:09:12  time: 0.0689  data_time: 0.0182  memory: 1467  loss: 0.0148  decode.loss_ce: 0.0103  decode.acc_seg: 97.2046  aux.loss_ce: 0.0045  aux.acc_seg: 96.3582
2023/06/15 15:19:55 - mmengine - INFO - Iter(train) [ 3500/12000]  lr: 7.3591e-03  eta: 0:09:05  time: 0.0621  data_time: 0.0128  memory: 1467  loss: 0.0240  decode.loss_ce: 0.0171  decode.acc_seg: 84.1309  aux.loss_ce: 0.0069  aux.acc_seg: 82.5358
2023/06/15 15:20:02 - mmengine - INFO - Iter(train) [ 3600/12000]  lr: 7.2822e-03  eta: 0:08:59  time: 0.0635  data_time: 0.0119  memory: 1467  loss: 0.0160  decode.loss_ce: 0.0109  decode.acc_seg: 94.3400  aux.loss_ce: 0.0050  aux.acc_seg: 93.7093
2023/06/15 15:20:02 - mmengine - INFO - Saving checkpoint at 3600 iterations
2023/06/15 15:20:04 - mmengine - INFO - per class results:
2023/06/15 15:20:04 - mmengine - INFO - 
+------------+-------+-------+
|   Class    |  IoU  |  Acc  |
+------------+-------+-------+
|    red     | 84.09 | 94.53 |
|   green    |  78.1 | 87.88 |
|   white    |  39.9 | 42.15 |
| seed-black | 77.58 | 86.61 |
| seed-white | 32.04 | 35.07 |
+------------+-------+-------+
2023/06/15 15:20:04 - mmengine - INFO - Iter(val) [11/11]    aAcc: 88.2800  mIoU: 62.3400  mAcc: 69.2500  data_time: 0.0069  time: 0.0193
2023/06/15 15:20:10 - mmengine - INFO - Iter(train) [ 3700/12000]  lr: 7.2052e-03  eta: 0:08:52  time: 0.0549  data_time: 0.0066  memory: 1467  loss: 0.0199  decode.loss_ce: 0.0139  decode.acc_seg: 90.0228  aux.loss_ce: 0.0060  aux.acc_seg: 89.9211
2023/06/15 15:20:16 - mmengine - INFO - Iter(train) [ 3800/12000]  lr: 7.1281e-03  eta: 0:08:46  time: 0.0683  data_time: 0.0173  memory: 1467  loss: 0.0180  decode.loss_ce: 0.0125  decode.acc_seg: 96.5373  aux.loss_ce: 0.0055  aux.acc_seg: 96.2646
2023/06/15 15:20:23 - mmengine - INFO - Iter(train) [ 3900/12000]  lr: 7.0509e-03  eta: 0:08:39  time: 0.0609  data_time: 0.0092  memory: 1467  loss: 0.0191  decode.loss_ce: 0.0136  decode.acc_seg: 91.5649  aux.loss_ce: 0.0055  aux.acc_seg: 91.5405
2023/06/15 15:20:29 - mmengine - INFO - Exp name: mypspnet_20230615_151542
2023/06/15 15:20:29 - mmengine - INFO - Iter(train) [ 4000/12000]  lr: 6.9736e-03  eta: 0:08:33  time: 0.0583  data_time: 0.0082  memory: 1467  loss: 0.0199  decode.loss_ce: 0.0138  decode.acc_seg: 89.8519  aux.loss_ce: 0.0061  aux.acc_seg: 90.3483
2023/06/15 15:20:29 - mmengine - INFO - Saving checkpoint at 4000 iterations
2023/06/15 15:20:31 - mmengine - INFO - per class results:
2023/06/15 15:20:31 - mmengine - INFO - 
+------------+-------+-------+
|   Class    |  IoU  |  Acc  |
+------------+-------+-------+
|    red     | 83.41 | 93.02 |
|   green    | 78.07 | 88.74 |
|   white    |  43.5 | 48.65 |
| seed-black | 73.87 | 83.61 |
| seed-white | 33.87 | 41.21 |
+------------+-------+-------+
2023/06/15 15:20:31 - mmengine - INFO - Iter(val) [11/11]    aAcc: 87.8900  mIoU: 62.5400  mAcc: 71.0500  data_time: 0.0069  time: 0.0211
2023/06/15 15:20:38 - mmengine - INFO - Iter(train) [ 4100/12000]  lr: 6.8962e-03  eta: 0:08:26  time: 0.0612  data_time: 0.0121  memory: 1467  loss: 0.0171  decode.loss_ce: 0.0118  decode.acc_seg: 94.2952  aux.loss_ce: 0.0053  aux.acc_seg: 93.4245
2023/06/15 15:20:44 - mmengine - INFO - Iter(train) [ 4200/12000]  lr: 6.8188e-03  eta: 0:08:19  time: 0.0636  data_time: 0.0136  memory: 1467  loss: 0.0193  decode.loss_ce: 0.0135  decode.acc_seg: 96.4437  aux.loss_ce: 0.0058  aux.acc_seg: 96.3623
2023/06/15 15:20:50 - mmengine - INFO - Iter(train) [ 4300/12000]  lr: 6.7412e-03  eta: 0:08:13  time: 0.0629  data_time: 0.0129  memory: 1467  loss: 0.0175  decode.loss_ce: 0.0123  decode.acc_seg: 90.5233  aux.loss_ce: 0.0052  aux.acc_seg: 90.2873
2023/06/15 15:20:56 - mmengine - INFO - Iter(train) [ 4400/12000]  lr: 6.6635e-03  eta: 0:08:06  time: 0.0570  data_time: 0.0073  memory: 1467  loss: 0.0274  decode.loss_ce: 0.0190  decode.acc_seg: 92.1834  aux.loss_ce: 0.0085  aux.acc_seg: 91.9271
2023/06/15 15:20:56 - mmengine - INFO - Saving checkpoint at 4400 iterations
2023/06/15 15:20:59 - mmengine - INFO - per class results:
2023/06/15 15:20:59 - mmengine - INFO - 
+------------+-------+-------+
|   Class    |  IoU  |  Acc  |
+------------+-------+-------+
|    red     | 79.67 |  96.2 |
|   green    | 64.72 | 68.63 |
|   white    | 52.08 | 56.73 |
| seed-black | 69.98 |  78.7 |
| seed-white | 43.05 |  53.9 |
+------------+-------+-------+
2023/06/15 15:20:59 - mmengine - INFO - Iter(val) [11/11]    aAcc: 84.7000  mIoU: 61.9000  mAcc: 70.8300  data_time: 0.0058  time: 0.0189
2023/06/15 15:21:05 - mmengine - INFO - Iter(train) [ 4500/12000]  lr: 6.5857e-03  eta: 0:07:59  time: 0.0554  data_time: 0.0066  memory: 1467  loss: 0.0146  decode.loss_ce: 0.0102  decode.acc_seg: 86.1938  aux.loss_ce: 0.0044  aux.acc_seg: 85.7951
2023/06/15 15:21:11 - mmengine - INFO - Iter(train) [ 4600/12000]  lr: 6.5079e-03  eta: 0:07:53  time: 0.0597  data_time: 0.0105  memory: 1467  loss: 0.0177  decode.loss_ce: 0.0123  decode.acc_seg: 93.6564  aux.loss_ce: 0.0054  aux.acc_seg: 93.8314
2023/06/15 15:21:18 - mmengine - INFO - Iter(train) [ 4700/12000]  lr: 6.4299e-03  eta: 0:07:46  time: 0.0623  data_time: 0.0104  memory: 1467  loss: 0.0175  decode.loss_ce: 0.0123  decode.acc_seg: 90.1204  aux.loss_ce: 0.0052  aux.acc_seg: 90.2303
2023/06/15 15:21:24 - mmengine - INFO - Iter(train) [ 4800/12000]  lr: 6.3518e-03  eta: 0:07:40  time: 0.0672  data_time: 0.0183  memory: 1467  loss: 0.0153  decode.loss_ce: 0.0105  decode.acc_seg: 91.1214  aux.loss_ce: 0.0048  aux.acc_seg: 89.6037
2023/06/15 15:21:24 - mmengine - INFO - Saving checkpoint at 4800 iterations
2023/06/15 15:21:26 - mmengine - INFO - per class results:
2023/06/15 15:21:26 - mmengine - INFO - 
+------------+-------+-------+
|   Class    |  IoU  |  Acc  |
+------------+-------+-------+
|    red     | 84.54 | 96.43 |
|   green    | 78.17 | 85.24 |
|   white    | 41.53 | 42.67 |
| seed-black | 77.56 | 84.23 |
| seed-white | 41.92 | 45.84 |
+------------+-------+-------+
2023/06/15 15:21:26 - mmengine - INFO - Iter(val) [11/11]    aAcc: 88.6400  mIoU: 64.7500  mAcc: 70.8800  data_time: 0.0072  time: 0.0194
2023/06/15 15:21:32 - mmengine - INFO - Iter(train) [ 4900/12000]  lr: 6.2736e-03  eta: 0:07:33  time: 0.0623  data_time: 0.0134  memory: 1467  loss: 0.0148  decode.loss_ce: 0.0104  decode.acc_seg: 95.1701  aux.loss_ce: 0.0044  aux.acc_seg: 94.1895
2023/06/15 15:21:38 - mmengine - INFO - Exp name: mypspnet_20230615_151542
2023/06/15 15:21:38 - mmengine - INFO - Iter(train) [ 5000/12000]  lr: 6.1953e-03  eta: 0:07:26  time: 0.0637  data_time: 0.0138  memory: 1467  loss: 0.0181  decode.loss_ce: 0.0126  decode.acc_seg: 89.2090  aux.loss_ce: 0.0055  aux.acc_seg: 89.1317
2023/06/15 15:21:44 - mmengine - INFO - Iter(train) [ 5100/12000]  lr: 6.1168e-03  eta: 0:07:20  time: 0.0614  data_time: 0.0117  memory: 1467  loss: 0.0148  decode.loss_ce: 0.0099  decode.acc_seg: 93.9331  aux.loss_ce: 0.0049  aux.acc_seg: 92.8385
2023/06/15 15:21:51 - mmengine - INFO - Iter(train) [ 5200/12000]  lr: 6.0383e-03  eta: 0:07:13  time: 0.0638  data_time: 0.0149  memory: 1467  loss: 0.0142  decode.loss_ce: 0.0097  decode.acc_seg: 96.4274  aux.loss_ce: 0.0044  aux.acc_seg: 95.9310
2023/06/15 15:21:51 - mmengine - INFO - Saving checkpoint at 5200 iterations
2023/06/15 15:21:53 - mmengine - INFO - per class results:
2023/06/15 15:21:53 - mmengine - INFO - 
+------------+-------+-------+
|   Class    |  IoU  |  Acc  |
+------------+-------+-------+
|    red     |  83.4 | 96.75 |
|   green    | 75.05 | 80.13 |
|   white    |  42.5 | 46.82 |
| seed-black | 75.82 | 82.47 |
| seed-white | 36.14 | 38.95 |
+------------+-------+-------+
2023/06/15 15:21:53 - mmengine - INFO - Iter(val) [11/11]    aAcc: 87.5800  mIoU: 62.5800  mAcc: 69.0200  data_time: 0.0073  time: 0.0194
2023/06/15 15:21:59 - mmengine - INFO - Iter(train) [ 5300/12000]  lr: 5.9597e-03  eta: 0:07:06  time: 0.0543  data_time: 0.0069  memory: 1467  loss: 0.0201  decode.loss_ce: 0.0140  decode.acc_seg: 94.1895  aux.loss_ce: 0.0061  aux.acc_seg: 93.7581
2023/06/15 15:22:05 - mmengine - INFO - Iter(train) [ 5400/12000]  lr: 5.8809e-03  eta: 0:07:00  time: 0.0621  data_time: 0.0129  memory: 1467  loss: 0.0234  decode.loss_ce: 0.0165  decode.acc_seg: 83.1462  aux.loss_ce: 0.0069  aux.acc_seg: 83.3740
2023/06/15 15:22:12 - mmengine - INFO - Iter(train) [ 5500/12000]  lr: 5.8020e-03  eta: 0:06:54  time: 0.0555  data_time: 0.0066  memory: 1467  loss: 0.0144  decode.loss_ce: 0.0100  decode.acc_seg: 94.5435  aux.loss_ce: 0.0044  aux.acc_seg: 94.4295
2023/06/15 15:22:18 - mmengine - INFO - Iter(train) [ 5600/12000]  lr: 5.7230e-03  eta: 0:06:48  time: 0.0635  data_time: 0.0118  memory: 1467  loss: 0.0175  decode.loss_ce: 0.0121  decode.acc_seg: 91.7969  aux.loss_ce: 0.0054  aux.acc_seg: 91.4917
2023/06/15 15:22:18 - mmengine - INFO - Saving checkpoint at 5600 iterations
2023/06/15 15:22:21 - mmengine - INFO - per class results:
2023/06/15 15:22:21 - mmengine - INFO - 
+------------+-------+-------+
|   Class    |  IoU  |  Acc  |
+------------+-------+-------+
|    red     | 81.65 | 91.58 |
|   green    | 74.93 | 90.38 |
|   white    | 37.41 |  39.2 |
| seed-black | 73.36 | 79.67 |
| seed-white |  32.7 | 36.14 |
+------------+-------+-------+
2023/06/15 15:22:21 - mmengine - INFO - Iter(val) [11/11]    aAcc: 86.5300  mIoU: 60.0100  mAcc: 67.3900  data_time: 0.0080  time: 0.0188
2023/06/15 15:22:27 - mmengine - INFO - Iter(train) [ 5700/12000]  lr: 5.6438e-03  eta: 0:06:41  time: 0.0589  data_time: 0.0077  memory: 1467  loss: 0.0173  decode.loss_ce: 0.0122  decode.acc_seg: 94.2383  aux.loss_ce: 0.0051  aux.acc_seg: 93.9860
2023/06/15 15:22:33 - mmengine - INFO - Iter(train) [ 5800/12000]  lr: 5.5646e-03  eta: 0:06:34  time: 0.0524  data_time: 0.0054  memory: 1467  loss: 0.0151  decode.loss_ce: 0.0106  decode.acc_seg: 92.9158  aux.loss_ce: 0.0045  aux.acc_seg: 92.9769
2023/06/15 15:22:39 - mmengine - INFO - Iter(train) [ 5900/12000]  lr: 5.4852e-03  eta: 0:06:27  time: 0.0613  data_time: 0.0114  memory: 1467  loss: 0.0129  decode.loss_ce: 0.0090  decode.acc_seg: 95.5241  aux.loss_ce: 0.0039  aux.acc_seg: 95.0073
2023/06/15 15:22:45 - mmengine - INFO - Exp name: mypspnet_20230615_151542
2023/06/15 15:22:45 - mmengine - INFO - Iter(train) [ 6000/12000]  lr: 5.4057e-03  eta: 0:06:21  time: 0.0624  data_time: 0.0117  memory: 1467  loss: 0.0106  decode.loss_ce: 0.0073  decode.acc_seg: 92.7124  aux.loss_ce: 0.0032  aux.acc_seg: 93.0176
2023/06/15 15:22:45 - mmengine - INFO - Saving checkpoint at 6000 iterations
2023/06/15 15:22:47 - mmengine - INFO - per class results:
2023/06/15 15:22:47 - mmengine - INFO - 
+------------+-------+-------+
|   Class    |  IoU  |  Acc  |
+------------+-------+-------+
|    red     | 88.39 | 95.75 |
|   green    | 84.03 | 90.69 |
|   white    | 54.72 | 59.69 |
| seed-black | 80.17 | 92.75 |
| seed-white | 41.94 |  44.4 |
+------------+-------+-------+
2023/06/15 15:22:47 - mmengine - INFO - Iter(val) [11/11]    aAcc: 91.4200  mIoU: 69.8500  mAcc: 76.6600  data_time: 0.0071  time: 0.0176
2023/06/15 15:22:54 - mmengine - INFO - Iter(train) [ 6100/12000]  lr: 5.3260e-03  eta: 0:06:15  time: 0.0662  data_time: 0.0172  memory: 1467  loss: 0.0138  decode.loss_ce: 0.0097  decode.acc_seg: 93.6157  aux.loss_ce: 0.0041  aux.acc_seg: 93.0298
2023/06/15 15:23:00 - mmengine - INFO - Iter(train) [ 6200/12000]  lr: 5.2462e-03  eta: 0:06:08  time: 0.0725  data_time: 0.0212  memory: 1467  loss: 0.0155  decode.loss_ce: 0.0108  decode.acc_seg: 95.5526  aux.loss_ce: 0.0046  aux.acc_seg: 94.7266
2023/06/15 15:23:06 - mmengine - INFO - Iter(train) [ 6300/12000]  lr: 5.1663e-03  eta: 0:06:02  time: 0.0573  data_time: 0.0072  memory: 1467  loss: 0.0162  decode.loss_ce: 0.0115  decode.acc_seg: 93.1519  aux.loss_ce: 0.0047  aux.acc_seg: 92.5212
2023/06/15 15:23:13 - mmengine - INFO - Iter(train) [ 6400/12000]  lr: 5.0862e-03  eta: 0:05:56  time: 0.0715  data_time: 0.0200  memory: 1467  loss: 0.0134  decode.loss_ce: 0.0093  decode.acc_seg: 97.4324  aux.loss_ce: 0.0042  aux.acc_seg: 96.9157
2023/06/15 15:23:13 - mmengine - INFO - Saving checkpoint at 6400 iterations
2023/06/15 15:23:15 - mmengine - INFO - per class results:
2023/06/15 15:23:15 - mmengine - INFO - 
+------------+-------+-------+
|   Class    |  IoU  |  Acc  |
+------------+-------+-------+
|    red     |  89.2 |  97.1 |
|   green    | 86.98 | 92.02 |
|   white    | 46.18 | 49.27 |
| seed-black | 80.16 | 91.26 |
| seed-white | 48.39 | 61.16 |
+------------+-------+-------+
2023/06/15 15:23:15 - mmengine - INFO - Iter(val) [11/11]    aAcc: 91.8600  mIoU: 70.1800  mAcc: 78.1600  data_time: 0.0067  time: 0.0180
2023/06/15 15:23:22 - mmengine - INFO - Iter(train) [ 6500/12000]  lr: 5.0060e-03  eta: 0:05:50  time: 0.0651  data_time: 0.0153  memory: 1467  loss: 0.0134  decode.loss_ce: 0.0094  decode.acc_seg: 90.2629  aux.loss_ce: 0.0040  aux.acc_seg: 88.6434
2023/06/15 15:23:28 - mmengine - INFO - Iter(train) [ 6600/12000]  lr: 4.9257e-03  eta: 0:05:44  time: 0.0651  data_time: 0.0172  memory: 1467  loss: 0.0125  decode.loss_ce: 0.0087  decode.acc_seg: 95.1701  aux.loss_ce: 0.0038  aux.acc_seg: 95.0399
2023/06/15 15:23:35 - mmengine - INFO - Iter(train) [ 6700/12000]  lr: 4.8452e-03  eta: 0:05:37  time: 0.0585  data_time: 0.0099  memory: 1467  loss: 0.0209  decode.loss_ce: 0.0146  decode.acc_seg: 94.4417  aux.loss_ce: 0.0063  aux.acc_seg: 94.7021
2023/06/15 15:23:41 - mmengine - INFO - Iter(train) [ 6800/12000]  lr: 4.7645e-03  eta: 0:05:31  time: 0.0628  data_time: 0.0133  memory: 1467  loss: 0.0168  decode.loss_ce: 0.0117  decode.acc_seg: 97.0581  aux.loss_ce: 0.0051  aux.acc_seg: 97.3022
2023/06/15 15:23:41 - mmengine - INFO - Saving checkpoint at 6800 iterations
2023/06/15 15:23:43 - mmengine - INFO - per class results:
2023/06/15 15:23:43 - mmengine - INFO - 
+------------+-------+-------+
|   Class    |  IoU  |  Acc  |
+------------+-------+-------+
|    red     | 87.28 | 94.35 |
|   green    | 82.87 | 93.91 |
|   white    | 49.71 | 51.52 |
| seed-black | 81.55 | 90.82 |
| seed-white | 41.48 | 45.31 |
+------------+-------+-------+
2023/06/15 15:23:43 - mmengine - INFO - Iter(val) [11/11]    aAcc: 90.7700  mIoU: 68.5800  mAcc: 75.1800  data_time: 0.0073  time: 0.0191
2023/06/15 15:23:50 - mmengine - INFO - Iter(train) [ 6900/12000]  lr: 4.6837e-03  eta: 0:05:25  time: 0.0633  data_time: 0.0120  memory: 1467  loss: 0.0136  decode.loss_ce: 0.0095  decode.acc_seg: 94.8649  aux.loss_ce: 0.0041  aux.acc_seg: 95.7723
2023/06/15 15:23:57 - mmengine - INFO - Exp name: mypspnet_20230615_151542
2023/06/15 15:23:57 - mmengine - INFO - Iter(train) [ 7000/12000]  lr: 4.6027e-03  eta: 0:05:18  time: 0.0604  data_time: 0.0124  memory: 1467  loss: 0.0130  decode.loss_ce: 0.0091  decode.acc_seg: 93.3350  aux.loss_ce: 0.0040  aux.acc_seg: 92.9525
2023/06/15 15:24:03 - mmengine - INFO - Iter(train) [ 7100/12000]  lr: 4.5216e-03  eta: 0:05:12  time: 0.0607  data_time: 0.0112  memory: 1467  loss: 0.0148  decode.loss_ce: 0.0103  decode.acc_seg: 94.0592  aux.loss_ce: 0.0046  aux.acc_seg: 93.8965
2023/06/15 15:24:09 - mmengine - INFO - Iter(train) [ 7200/12000]  lr: 4.4403e-03  eta: 0:05:05  time: 0.0545  data_time: 0.0076  memory: 1467  loss: 0.0142  decode.loss_ce: 0.0096  decode.acc_seg: 95.2759  aux.loss_ce: 0.0046  aux.acc_seg: 94.9544
2023/06/15 15:24:09 - mmengine - INFO - Saving checkpoint at 7200 iterations
2023/06/15 15:24:11 - mmengine - INFO - per class results:
2023/06/15 15:24:11 - mmengine - INFO - 
+------------+-------+-------+
|   Class    |  IoU  |  Acc  |
+------------+-------+-------+
|    red     | 87.05 | 96.77 |
|   green    | 83.86 |  89.5 |
|   white    | 42.58 | 45.44 |
| seed-black | 79.59 | 88.45 |
| seed-white | 44.72 | 51.82 |
+------------+-------+-------+
2023/06/15 15:24:11 - mmengine - INFO - Iter(val) [11/11]    aAcc: 90.4800  mIoU: 67.5600  mAcc: 74.4000  data_time: 0.0065  time: 0.0176
2023/06/15 15:24:17 - mmengine - INFO - Iter(train) [ 7300/12000]  lr: 4.3589e-03  eta: 0:04:59  time: 0.0591  data_time: 0.0105  memory: 1467  loss: 0.0145  decode.loss_ce: 0.0098  decode.acc_seg: 92.1712  aux.loss_ce: 0.0047  aux.acc_seg: 92.4601
2023/06/15 15:24:23 - mmengine - INFO - Iter(train) [ 7400/12000]  lr: 4.2772e-03  eta: 0:04:52  time: 0.0616  data_time: 0.0129  memory: 1467  loss: 0.0141  decode.loss_ce: 0.0098  decode.acc_seg: 95.0114  aux.loss_ce: 0.0043  aux.acc_seg: 95.3979
2023/06/15 15:24:29 - mmengine - INFO - Iter(train) [ 7500/12000]  lr: 4.1954e-03  eta: 0:04:46  time: 0.0605  data_time: 0.0107  memory: 1467  loss: 0.0157  decode.loss_ce: 0.0110  decode.acc_seg: 93.6279  aux.loss_ce: 0.0047  aux.acc_seg: 92.7327
2023/06/15 15:24:35 - mmengine - INFO - Iter(train) [ 7600/12000]  lr: 4.1134e-03  eta: 0:04:39  time: 0.0585  data_time: 0.0096  memory: 1467  loss: 0.0152  decode.loss_ce: 0.0106  decode.acc_seg: 94.0959  aux.loss_ce: 0.0046  aux.acc_seg: 93.9128
2023/06/15 15:24:35 - mmengine - INFO - Saving checkpoint at 7600 iterations
2023/06/15 15:24:38 - mmengine - INFO - per class results:
2023/06/15 15:24:38 - mmengine - INFO - 
+------------+-------+-------+
|   Class    |  IoU  |  Acc  |
+------------+-------+-------+
|    red     | 87.66 | 95.66 |
|   green    | 84.77 |  94.5 |
|   white    | 46.45 | 48.53 |
| seed-black | 77.58 | 82.53 |
| seed-white | 40.29 | 45.08 |
+------------+-------+-------+
2023/06/15 15:24:38 - mmengine - INFO - Iter(val) [11/11]    aAcc: 90.9300  mIoU: 67.3500  mAcc: 73.2600  data_time: 0.0069  time: 0.0204
2023/06/15 15:24:44 - mmengine - INFO - Iter(train) [ 7700/12000]  lr: 4.0312e-03  eta: 0:04:33  time: 0.0586  data_time: 0.0111  memory: 1467  loss: 0.0125  decode.loss_ce: 0.0086  decode.acc_seg: 95.4875  aux.loss_ce: 0.0039  aux.acc_seg: 93.4977
2023/06/15 15:24:50 - mmengine - INFO - Iter(train) [ 7800/12000]  lr: 3.9488e-03  eta: 0:04:26  time: 0.0712  data_time: 0.0213  memory: 1467  loss: 0.0153  decode.loss_ce: 0.0106  decode.acc_seg: 95.0968  aux.loss_ce: 0.0047  aux.acc_seg: 91.5405
2023/06/15 15:24:57 - mmengine - INFO - Iter(train) [ 7900/12000]  lr: 3.8663e-03  eta: 0:04:20  time: 0.0727  data_time: 0.0236  memory: 1467  loss: 0.0115  decode.loss_ce: 0.0080  decode.acc_seg: 94.9585  aux.loss_ce: 0.0035  aux.acc_seg: 95.3532
2023/06/15 15:25:03 - mmengine - INFO - Exp name: mypspnet_20230615_151542
2023/06/15 15:25:03 - mmengine - INFO - Iter(train) [ 8000/12000]  lr: 3.7835e-03  eta: 0:04:14  time: 0.0627  data_time: 0.0135  memory: 1467  loss: 0.0158  decode.loss_ce: 0.0111  decode.acc_seg: 91.4917  aux.loss_ce: 0.0047  aux.acc_seg: 91.4388
2023/06/15 15:25:03 - mmengine - INFO - Saving checkpoint at 8000 iterations
2023/06/15 15:25:05 - mmengine - INFO - per class results:
2023/06/15 15:25:05 - mmengine - INFO - 
+------------+-------+-------+
|   Class    |  IoU  |  Acc  |
+------------+-------+-------+
|    red     | 88.34 | 95.58 |
|   green    | 84.53 | 93.37 |
|   white    | 55.67 | 58.44 |
| seed-black | 80.66 | 86.78 |
| seed-white | 45.92 | 53.69 |
+------------+-------+-------+
2023/06/15 15:25:05 - mmengine - INFO - Iter(val) [11/11]    aAcc: 91.6000  mIoU: 71.0200  mAcc: 77.5700  data_time: 0.0064  time: 0.0174
2023/06/15 15:25:10 - mmengine - INFO - Iter(train) [ 8100/12000]  lr: 3.7005e-03  eta: 0:04:07  time: 0.0542  data_time: 0.0065  memory: 1467  loss: 0.0203  decode.loss_ce: 0.0140  decode.acc_seg: 92.4561  aux.loss_ce: 0.0063  aux.acc_seg: 90.6291
2023/06/15 15:25:16 - mmengine - INFO - Iter(train) [ 8200/12000]  lr: 3.6173e-03  eta: 0:04:00  time: 0.0540  data_time: 0.0077  memory: 1467  loss: 0.0122  decode.loss_ce: 0.0084  decode.acc_seg: 97.1680  aux.loss_ce: 0.0038  aux.acc_seg: 96.5942
2023/06/15 15:25:22 - mmengine - INFO - Iter(train) [ 8300/12000]  lr: 3.5339e-03  eta: 0:03:54  time: 0.0719  data_time: 0.0188  memory: 1467  loss: 0.0140  decode.loss_ce: 0.0096  decode.acc_seg: 95.7682  aux.loss_ce: 0.0044  aux.acc_seg: 95.7072
2023/06/15 15:25:29 - mmengine - INFO - Iter(train) [ 8400/12000]  lr: 3.4502e-03  eta: 0:03:48  time: 0.0672  data_time: 0.0175  memory: 1467  loss: 0.0150  decode.loss_ce: 0.0104  decode.acc_seg: 91.3411  aux.loss_ce: 0.0046  aux.acc_seg: 90.9505
2023/06/15 15:25:29 - mmengine - INFO - Saving checkpoint at 8400 iterations
2023/06/15 15:25:31 - mmengine - INFO - per class results:
2023/06/15 15:25:31 - mmengine - INFO - 
+------------+-------+-------+
|   Class    |  IoU  |  Acc  |
+------------+-------+-------+
|    red     | 87.76 | 96.69 |
|   green    | 83.74 | 89.94 |
|   white    | 49.46 | 52.89 |
| seed-black | 81.07 | 88.21 |
| seed-white | 45.27 | 51.37 |
+------------+-------+-------+
2023/06/15 15:25:31 - mmengine - INFO - Iter(val) [11/11]    aAcc: 91.0500  mIoU: 69.4600  mAcc: 75.8200  data_time: 0.0093  time: 0.0204
2023/06/15 15:25:37 - mmengine - INFO - Iter(train) [ 8500/12000]  lr: 3.3664e-03  eta: 0:03:41  time: 0.0609  data_time: 0.0118  memory: 1467  loss: 0.0141  decode.loss_ce: 0.0098  decode.acc_seg: 95.6014  aux.loss_ce: 0.0044  aux.acc_seg: 95.3288
2023/06/15 15:25:43 - mmengine - INFO - Iter(train) [ 8600/12000]  lr: 3.2823e-03  eta: 0:03:35  time: 0.0567  data_time: 0.0079  memory: 1467  loss: 0.0151  decode.loss_ce: 0.0104  decode.acc_seg: 95.0968  aux.loss_ce: 0.0047  aux.acc_seg: 93.9779
2023/06/15 15:25:50 - mmengine - INFO - Iter(train) [ 8700/12000]  lr: 3.1979e-03  eta: 0:03:29  time: 0.0611  data_time: 0.0116  memory: 1467  loss: 0.0140  decode.loss_ce: 0.0097  decode.acc_seg: 94.2871  aux.loss_ce: 0.0043  aux.acc_seg: 93.7378
2023/06/15 15:25:56 - mmengine - INFO - Iter(train) [ 8800/12000]  lr: 3.1133e-03  eta: 0:03:22  time: 0.0669  data_time: 0.0165  memory: 1467  loss: 0.0137  decode.loss_ce: 0.0094  decode.acc_seg: 95.3613  aux.loss_ce: 0.0043  aux.acc_seg: 95.2555
2023/06/15 15:25:56 - mmengine - INFO - Saving checkpoint at 8800 iterations
2023/06/15 15:25:59 - mmengine - INFO - per class results:
2023/06/15 15:25:59 - mmengine - INFO - 
+------------+-------+-------+
|   Class    |  IoU  |  Acc  |
+------------+-------+-------+
|    red     | 89.39 | 95.92 |
|   green    | 87.24 |  94.9 |
|   white    | 51.67 | 55.69 |
| seed-black | 81.29 | 89.94 |
| seed-white | 45.74 | 50.61 |
+------------+-------+-------+
2023/06/15 15:25:59 - mmengine - INFO - Iter(val) [11/11]    aAcc: 92.2100  mIoU: 71.0700  mAcc: 77.4100  data_time: 0.0079  time: 0.0195
2023/06/15 15:26:05 - mmengine - INFO - Iter(train) [ 8900/12000]  lr: 3.0284e-03  eta: 0:03:16  time: 0.0656  data_time: 0.0152  memory: 1467  loss: 0.0117  decode.loss_ce: 0.0080  decode.acc_seg: 96.1792  aux.loss_ce: 0.0037  aux.acc_seg: 95.4468
2023/06/15 15:26:11 - mmengine - INFO - Exp name: mypspnet_20230615_151542
2023/06/15 15:26:11 - mmengine - INFO - Iter(train) [ 9000/12000]  lr: 2.9432e-03  eta: 0:03:10  time: 0.0581  data_time: 0.0080  memory: 1467  loss: 0.0149  decode.loss_ce: 0.0102  decode.acc_seg: 96.5454  aux.loss_ce: 0.0046  aux.acc_seg: 96.1670
2023/06/15 15:26:18 - mmengine - INFO - Iter(train) [ 9100/12000]  lr: 2.8578e-03  eta: 0:03:03  time: 0.0618  data_time: 0.0096  memory: 1467  loss: 0.0136  decode.loss_ce: 0.0096  decode.acc_seg: 93.7012  aux.loss_ce: 0.0040  aux.acc_seg: 93.3716
2023/06/15 15:26:24 - mmengine - INFO - Iter(train) [ 9200/12000]  lr: 2.7721e-03  eta: 0:02:57  time: 0.0681  data_time: 0.0168  memory: 1467  loss: 0.0135  decode.loss_ce: 0.0093  decode.acc_seg: 93.8558  aux.loss_ce: 0.0042  aux.acc_seg: 92.6392
2023/06/15 15:26:24 - mmengine - INFO - Saving checkpoint at 9200 iterations
2023/06/15 15:26:26 - mmengine - INFO - per class results:
2023/06/15 15:26:26 - mmengine - INFO - 
+------------+-------+-------+
|   Class    |  IoU  |  Acc  |
+------------+-------+-------+
|    red     |  89.0 | 96.57 |
|   green    | 87.75 | 95.32 |
|   white    | 46.36 | 48.68 |
| seed-black | 78.52 | 84.45 |
| seed-white | 45.52 | 54.78 |
+------------+-------+-------+
2023/06/15 15:26:26 - mmengine - INFO - Iter(val) [11/11]    aAcc: 91.8800  mIoU: 69.4300  mAcc: 75.9600  data_time: 0.0095  time: 0.0210
2023/06/15 15:26:33 - mmengine - INFO - Iter(train) [ 9300/12000]  lr: 2.6860e-03  eta: 0:02:51  time: 0.0654  data_time: 0.0132  memory: 1467  loss: 0.0134  decode.loss_ce: 0.0092  decode.acc_seg: 92.9525  aux.loss_ce: 0.0041  aux.acc_seg: 93.6686
2023/06/15 15:26:39 - mmengine - INFO - Iter(train) [ 9400/12000]  lr: 2.5997e-03  eta: 0:02:44  time: 0.0692  data_time: 0.0196  memory: 1467  loss: 0.0133  decode.loss_ce: 0.0092  decode.acc_seg: 95.9798  aux.loss_ce: 0.0041  aux.acc_seg: 95.9635
2023/06/15 15:26:46 - mmengine - INFO - Iter(train) [ 9500/12000]  lr: 2.5130e-03  eta: 0:02:38  time: 0.0622  data_time: 0.0090  memory: 1467  loss: 0.0123  decode.loss_ce: 0.0082  decode.acc_seg: 94.8364  aux.loss_ce: 0.0041  aux.acc_seg: 93.9534
2023/06/15 15:26:52 - mmengine - INFO - Iter(train) [ 9600/12000]  lr: 2.4259e-03  eta: 0:02:32  time: 0.0650  data_time: 0.0120  memory: 1467  loss: 0.0138  decode.loss_ce: 0.0096  decode.acc_seg: 94.4906  aux.loss_ce: 0.0042  aux.acc_seg: 94.4336
2023/06/15 15:26:52 - mmengine - INFO - Saving checkpoint at 9600 iterations
2023/06/15 15:26:55 - mmengine - INFO - per class results:
2023/06/15 15:26:55 - mmengine - INFO - 
+------------+-------+-------+
|   Class    |  IoU  |  Acc  |
+------------+-------+-------+
|    red     | 89.01 | 96.15 |
|   green    | 87.36 | 94.61 |
|   white    | 50.89 | 54.54 |
| seed-black | 79.96 | 87.18 |
| seed-white |  47.8 | 55.53 |
+------------+-------+-------+
2023/06/15 15:26:55 - mmengine - INFO - Iter(val) [11/11]    aAcc: 92.0400  mIoU: 71.0100  mAcc: 77.6000  data_time: 0.0103  time: 0.0233
2023/06/15 15:27:02 - mmengine - INFO - Iter(train) [ 9700/12000]  lr: 2.3385e-03  eta: 0:02:26  time: 0.0650  data_time: 0.0177  memory: 1467  loss: 0.0127  decode.loss_ce: 0.0089  decode.acc_seg: 96.1263  aux.loss_ce: 0.0038  aux.acc_seg: 95.4834
2023/06/15 15:27:08 - mmengine - INFO - Iter(train) [ 9800/12000]  lr: 2.2507e-03  eta: 0:02:19  time: 0.0749  data_time: 0.0198  memory: 1467  loss: 0.0110  decode.loss_ce: 0.0077  decode.acc_seg: 95.8496  aux.loss_ce: 0.0034  aux.acc_seg: 94.7713
2023/06/15 15:27:15 - mmengine - INFO - Iter(train) [ 9900/12000]  lr: 2.1625e-03  eta: 0:02:13  time: 0.0696  data_time: 0.0185  memory: 1467  loss: 0.0136  decode.loss_ce: 0.0093  decode.acc_seg: 96.0408  aux.loss_ce: 0.0043  aux.acc_seg: 95.7520
2023/06/15 15:27:21 - mmengine - INFO - Exp name: mypspnet_20230615_151542
2023/06/15 15:27:21 - mmengine - INFO - Iter(train) [10000/12000]  lr: 2.0739e-03  eta: 0:02:07  time: 0.0724  data_time: 0.0188  memory: 1467  loss: 0.0145  decode.loss_ce: 0.0101  decode.acc_seg: 90.6738  aux.loss_ce: 0.0044  aux.acc_seg: 89.8926
2023/06/15 15:27:21 - mmengine - INFO - Saving checkpoint at 10000 iterations
2023/06/15 15:27:23 - mmengine - INFO - per class results:
2023/06/15 15:27:23 - mmengine - INFO - 
+------------+-------+-------+
|   Class    |  IoU  |  Acc  |
+------------+-------+-------+
|    red     | 89.67 | 97.35 |
|   green    | 87.44 | 93.45 |
|   white    | 51.67 | 53.54 |
| seed-black |  80.5 | 87.37 |
| seed-white |  41.9 | 49.78 |
+------------+-------+-------+
2023/06/15 15:27:23 - mmengine - INFO - Iter(val) [11/11]    aAcc: 92.3500  mIoU: 70.2300  mAcc: 76.3000  data_time: 0.0067  time: 0.0176
2023/06/15 15:27:30 - mmengine - INFO - Iter(train) [10100/12000]  lr: 1.9849e-03  eta: 0:02:00  time: 0.0630  data_time: 0.0135  memory: 1467  loss: 0.0123  decode.loss_ce: 0.0084  decode.acc_seg: 93.2129  aux.loss_ce: 0.0039  aux.acc_seg: 94.0348
2023/06/15 15:27:37 - mmengine - INFO - Iter(train) [10200/12000]  lr: 1.8954e-03  eta: 0:01:54  time: 0.0637  data_time: 0.0135  memory: 1467  loss: 0.0123  decode.loss_ce: 0.0087  decode.acc_seg: 96.3257  aux.loss_ce: 0.0037  aux.acc_seg: 95.8171
2023/06/15 15:27:43 - mmengine - INFO - Iter(train) [10300/12000]  lr: 1.8053e-03  eta: 0:01:48  time: 0.0621  data_time: 0.0125  memory: 1467  loss: 0.0178  decode.loss_ce: 0.0120  decode.acc_seg: 95.4631  aux.loss_ce: 0.0058  aux.acc_seg: 94.8568
2023/06/15 15:27:49 - mmengine - INFO - Iter(train) [10400/12000]  lr: 1.7148e-03  eta: 0:01:41  time: 0.0549  data_time: 0.0073  memory: 1467  loss: 0.0119  decode.loss_ce: 0.0083  decode.acc_seg: 90.5477  aux.loss_ce: 0.0036  aux.acc_seg: 91.3737
2023/06/15 15:27:49 - mmengine - INFO - Saving checkpoint at 10400 iterations
2023/06/15 15:27:51 - mmengine - INFO - per class results:
2023/06/15 15:27:51 - mmengine - INFO - 
+------------+-------+-------+
|   Class    |  IoU  |  Acc  |
+------------+-------+-------+
|    red     | 83.18 | 90.41 |
|   green    | 77.54 | 93.87 |
|   white    | 47.11 | 50.83 |
| seed-black | 80.68 | 87.86 |
| seed-white | 44.15 | 50.33 |
+------------+-------+-------+
2023/06/15 15:27:51 - mmengine - INFO - Iter(val) [11/11]    aAcc: 88.2100  mIoU: 66.5300  mAcc: 74.6600  data_time: 0.0056  time: 0.0177
2023/06/15 15:27:57 - mmengine - INFO - Iter(train) [10500/12000]  lr: 1.6237e-03  eta: 0:01:35  time: 0.0648  data_time: 0.0175  memory: 1467  loss: 0.0160  decode.loss_ce: 0.0109  decode.acc_seg: 86.0881  aux.loss_ce: 0.0051  aux.acc_seg: 83.7728
2023/06/15 15:28:02 - mmengine - INFO - Iter(train) [10600/12000]  lr: 1.5319e-03  eta: 0:01:28  time: 0.0565  data_time: 0.0091  memory: 1467  loss: 0.0124  decode.loss_ce: 0.0086  decode.acc_seg: 95.9880  aux.loss_ce: 0.0038  aux.acc_seg: 95.2596
2023/06/15 15:28:09 - mmengine - INFO - Iter(train) [10700/12000]  lr: 1.4395e-03  eta: 0:01:22  time: 0.0656  data_time: 0.0161  memory: 1467  loss: 0.0127  decode.loss_ce: 0.0087  decode.acc_seg: 95.5119  aux.loss_ce: 0.0040  aux.acc_seg: 95.2311
2023/06/15 15:28:16 - mmengine - INFO - Iter(train) [10800/12000]  lr: 1.3464e-03  eta: 0:01:16  time: 0.0760  data_time: 0.0237  memory: 1467  loss: 0.0132  decode.loss_ce: 0.0092  decode.acc_seg: 95.5526  aux.loss_ce: 0.0040  aux.acc_seg: 94.6208
2023/06/15 15:28:16 - mmengine - INFO - Saving checkpoint at 10800 iterations
2023/06/15 15:28:18 - mmengine - INFO - per class results:
2023/06/15 15:28:18 - mmengine - INFO - 
+------------+-------+-------+
|   Class    |  IoU  |  Acc  |
+------------+-------+-------+
|    red     | 87.81 | 95.59 |
|   green    |  84.9 | 92.92 |
|   white    | 47.67 | 51.45 |
| seed-black | 81.15 | 88.96 |
| seed-white | 45.88 | 52.54 |
+------------+-------+-------+
2023/06/15 15:28:18 - mmengine - INFO - Iter(val) [11/11]    aAcc: 91.1500  mIoU: 69.4800  mAcc: 76.2900  data_time: 0.0069  time: 0.0182
2023/06/15 15:28:24 - mmengine - INFO - Iter(train) [10900/12000]  lr: 1.2525e-03  eta: 0:01:09  time: 0.0588  data_time: 0.0101  memory: 1467  loss: 0.0136  decode.loss_ce: 0.0095  decode.acc_seg: 96.3460  aux.loss_ce: 0.0041  aux.acc_seg: 96.4600
2023/06/15 15:28:31 - mmengine - INFO - Exp name: mypspnet_20230615_151542
2023/06/15 15:28:31 - mmengine - INFO - Iter(train) [11000/12000]  lr: 1.1578e-03  eta: 0:01:03  time: 0.0594  data_time: 0.0117  memory: 1467  loss: 0.0138  decode.loss_ce: 0.0095  decode.acc_seg: 96.1995  aux.loss_ce: 0.0043  aux.acc_seg: 96.0124
2023/06/15 15:28:37 - mmengine - INFO - Iter(train) [11100/12000]  lr: 1.0621e-03  eta: 0:00:57  time: 0.0698  data_time: 0.0190  memory: 1467  loss: 0.0119  decode.loss_ce: 0.0081  decode.acc_seg: 94.4621  aux.loss_ce: 0.0038  aux.acc_seg: 94.3685
2023/06/15 15:28:43 - mmengine - INFO - Iter(train) [11200/12000]  lr: 9.6534e-04  eta: 0:00:50  time: 0.0582  data_time: 0.0086  memory: 1467  loss: 0.0126  decode.loss_ce: 0.0088  decode.acc_seg: 94.9707  aux.loss_ce: 0.0039  aux.acc_seg: 95.4753
2023/06/15 15:28:43 - mmengine - INFO - Saving checkpoint at 11200 iterations
2023/06/15 15:28:46 - mmengine - INFO - per class results:
2023/06/15 15:28:46 - mmengine - INFO - 
+------------+-------+-------+
|   Class    |  IoU  |  Acc  |
+------------+-------+-------+
|    red     | 89.35 | 96.44 |
|   green    | 87.18 | 94.86 |
|   white    | 50.33 | 52.72 |
| seed-black | 81.61 | 88.39 |
| seed-white | 43.69 | 48.25 |
+------------+-------+-------+
2023/06/15 15:28:46 - mmengine - INFO - Iter(val) [11/11]    aAcc: 92.1900  mIoU: 70.4300  mAcc: 76.1300  data_time: 0.0070  time: 0.0189
2023/06/15 15:28:52 - mmengine - INFO - Iter(train) [11300/12000]  lr: 8.6735e-04  eta: 0:00:44  time: 0.0581  data_time: 0.0079  memory: 1467  loss: 0.0116  decode.loss_ce: 0.0079  decode.acc_seg: 95.3206  aux.loss_ce: 0.0037  aux.acc_seg: 95.0236
2023/06/15 15:28:59 - mmengine - INFO - Iter(train) [11400/12000]  lr: 7.6795e-04  eta: 0:00:38  time: 0.0699  data_time: 0.0194  memory: 1467  loss: 0.0102  decode.loss_ce: 0.0071  decode.acc_seg: 94.9666  aux.loss_ce: 0.0031  aux.acc_seg: 94.9504
2023/06/15 15:29:05 - mmengine - INFO - Iter(train) [11500/12000]  lr: 6.6686e-04  eta: 0:00:31  time: 0.0641  data_time: 0.0146  memory: 1467  loss: 0.0112  decode.loss_ce: 0.0077  decode.acc_seg: 96.0449  aux.loss_ce: 0.0035  aux.acc_seg: 96.3175
2023/06/15 15:29:12 - mmengine - INFO - Iter(train) [11600/12000]  lr: 5.6372e-04  eta: 0:00:25  time: 0.0690  data_time: 0.0182  memory: 1467  loss: 0.0154  decode.loss_ce: 0.0109  decode.acc_seg: 94.0796  aux.loss_ce: 0.0045  aux.acc_seg: 93.7052
2023/06/15 15:29:12 - mmengine - INFO - Saving checkpoint at 11600 iterations
2023/06/15 15:29:14 - mmengine - INFO - per class results:
2023/06/15 15:29:14 - mmengine - INFO - 
+------------+-------+-------+
|   Class    |  IoU  |  Acc  |
+------------+-------+-------+
|    red     | 88.41 | 96.27 |
|   green    |  86.4 | 94.41 |
|   white    | 44.95 | 46.47 |
| seed-black | 81.01 | 88.18 |
| seed-white | 45.67 | 51.51 |
+------------+-------+-------+
2023/06/15 15:29:14 - mmengine - INFO - Iter(val) [11/11]    aAcc: 91.5500  mIoU: 69.2900  mAcc: 75.3700  data_time: 0.0074  time: 0.0189
2023/06/15 15:29:20 - mmengine - INFO - Iter(train) [11700/12000]  lr: 4.5794e-04  eta: 0:00:19  time: 0.0634  data_time: 0.0146  memory: 1467  loss: 0.0140  decode.loss_ce: 0.0095  decode.acc_seg: 96.0531  aux.loss_ce: 0.0045  aux.acc_seg: 95.6828
2023/06/15 15:29:27 - mmengine - INFO - Iter(train) [11800/12000]  lr: 3.4850e-04  eta: 0:00:12  time: 0.0581  data_time: 0.0090  memory: 1467  loss: 0.0110  decode.loss_ce: 0.0076  decode.acc_seg: 89.2171  aux.loss_ce: 0.0034  aux.acc_seg: 87.8133
2023/06/15 15:29:34 - mmengine - INFO - Iter(train) [11900/12000]  lr: 2.3317e-04  eta: 0:00:06  time: 0.0651  data_time: 0.0134  memory: 1467  loss: 0.0149  decode.loss_ce: 0.0103  decode.acc_seg: 93.7256  aux.loss_ce: 0.0047  aux.acc_seg: 92.5130
2023/06/15 15:29:40 - mmengine - INFO - Exp name: mypspnet_20230615_151542
2023/06/15 15:29:40 - mmengine - INFO - Iter(train) [12000/12000]  lr: 1.0000e-04  eta: 0:00:00  time: 0.0652  data_time: 0.0145  memory: 1467  loss: 0.0129  decode.loss_ce: 0.0088  decode.acc_seg: 94.7795  aux.loss_ce: 0.0041  aux.acc_seg: 95.4590
2023/06/15 15:29:40 - mmengine - INFO - Saving checkpoint at 12000 iterations
2023/06/15 15:29:42 - mmengine - INFO - per class results:
2023/06/15 15:29:42 - mmengine - INFO - 
+------------+-------+-------+
|   Class    |  IoU  |  Acc  |
+------------+-------+-------+
|    red     |  89.3 | 96.29 |
|   green    | 86.81 | 94.78 |
|   white    | 52.06 | 54.44 |
| seed-black |  81.0 |  87.6 |
| seed-white | 46.13 | 52.23 |
+------------+-------+-------+
2023/06/15 15:29:42 - mmengine - INFO - Iter(val) [11/11]    aAcc: 92.1700  mIoU: 71.0600  mAcc: 77.0700  data_time: 0.0077  time: 0.0188
